{
  "stats": {
    "suites": 28,
    "tests": 74,
    "passes": 74,
    "pending": 0,
    "failures": 0,
    "testsRegistered": 74,
    "passPercent": 100,
    "pendingPercent": 0,
    "other": 0,
    "hasOther": false,
    "skipped": 0,
    "hasSkipped": false,
    "start": "2023-11-01T08:25:31.647Z",
    "end": "2023-11-01T09:13:19.906Z",
    "duration": 2868259
  },
  "results": [
    {
      "uuid": "ae117cff-2f53-4eed-8990-7b429e3072bb",
      "title": "",
      "fullFile": "cypress\\e2e\\automation-test-store\\alias-invoke.js",
      "file": "cypress\\e2e\\automation-test-store\\alias-invoke.js",
      "beforeHooks": [],
      "afterHooks": [],
      "tests": [],
      "suites": [
        {
          "uuid": "acc7e811-1404-4cc9-8dd8-cb1c5d96ceac",
          "title": "aias and invoke exmaples",
          "fullFile": "",
          "file": "",
          "beforeHooks": [],
          "afterHooks": [],
          "tests": [
            {
              "title": "calculate items prices including ones on sale",
              "fullTitle": "aias and invoke exmaples calculate items prices including ones on sale",
              "timedOut": null,
              "duration": 7276,
              "state": "passed",
              "speed": "medium",
              "pass": true,
              "fail": false,
              "pending": false,
              "context": null,
              "code": "cy.visit(\"https://www.automationteststore.com/\");\ncy.get(\".thumbnail\").as(\"productThumbnail\");\nlet sum = 0;\n// product not in sale only have .oneprice  class\ncy.get(\"@productThumbnail\").find(\".oneprice\").invoke('text').as('prodprices');\ncy.get('@prodprices').then(items => {\n  const prices = items.split('$');\n  let nonsaleprices = 0;\n  prices.forEach(i => {\n    nonsaleprices += +i;\n  });\n  sum += nonsaleprices;\n  cy.log(\"Non SALE prods sum is :\" + nonsaleprices);\n});\n// product on sale have .pricenew class\ncy.get(\"@productThumbnail\").find(\".pricenew\").invoke('text').as('saleprodprices');\ncy.get('@saleprodprices').then(items => {\n  const prices = items.split('$');\n  let saleprices = 0;\n  prices.forEach(i => {\n    saleprices += +i;\n  });\n  sum += saleprices;\n  cy.log(\"SALE prods sum is :\" + saleprices);\n  cy.log(\"total sum : \" + sum);\n});",
              "err": {},
              "uuid": "b3cdacc1-c1e7-407a-8337-a86b89b552d2",
              "parentUUID": "acc7e811-1404-4cc9-8dd8-cb1c5d96ceac",
              "isHook": false,
              "skipped": false
            }
          ],
          "suites": [],
          "passes": [
            "b3cdacc1-c1e7-407a-8337-a86b89b552d2"
          ],
          "failures": [],
          "pending": [],
          "skipped": [],
          "duration": 7276,
          "root": false,
          "rootEmpty": false,
          "_timeout": 2000
        }
      ],
      "passes": [],
      "failures": [],
      "pending": [],
      "skipped": [],
      "duration": 0,
      "root": true,
      "rootEmpty": true,
      "_timeout": 2000
    },
    {
      "uuid": "489a87f1-b78a-471e-b5e0-7b6bb80f55c2",
      "title": "",
      "fullFile": "cypress\\e2e\\automation-test-store\\contact-us.js",
      "file": "cypress\\e2e\\automation-test-store\\contact-us.js",
      "beforeHooks": [],
      "afterHooks": [],
      "tests": [],
      "suites": [
        {
          "uuid": "b769e510-e3b9-42bd-b53d-30b6f940ad31",
          "title": "Test Contact Us page",
          "fullFile": "",
          "file": "",
          "beforeHooks": [],
          "afterHooks": [],
          "tests": [
            {
              "title": "fill all required inputs and submit successfully",
              "fullTitle": "Test Contact Us page fill all required inputs and submit successfully",
              "timedOut": null,
              "duration": 9488,
              "state": "passed",
              "speed": "medium",
              "pass": true,
              "fail": false,
              "pending": false,
              "context": null,
              "code": "myContactsUsPage.send(\"ibaa\", \"example@test.com\", \"hello world !\", \"Your enquiry has been successfully sent to the store owner!\");",
              "err": {},
              "uuid": "d1845ce8-331a-45bf-bd38-1cfc3776721b",
              "parentUUID": "b769e510-e3b9-42bd-b53d-30b6f940ad31",
              "isHook": false,
              "skipped": false
            }
          ],
          "suites": [],
          "passes": [
            "d1845ce8-331a-45bf-bd38-1cfc3776721b"
          ],
          "failures": [],
          "pending": [],
          "skipped": [],
          "duration": 9488,
          "root": false,
          "rootEmpty": false,
          "_timeout": 2000
        }
      ],
      "passes": [],
      "failures": [],
      "pending": [],
      "skipped": [],
      "duration": 0,
      "root": true,
      "rootEmpty": true,
      "_timeout": 2000
    },
    {
      "uuid": "16d78a84-6a0d-49f6-8180-b7cd6e885397",
      "title": "",
      "fullFile": "cypress\\e2e\\automation-test-store\\iteration.js",
      "file": "cypress\\e2e\\automation-test-store\\iteration.js",
      "beforeHooks": [],
      "afterHooks": [],
      "tests": [],
      "suites": [
        {
          "uuid": "e3fa9342-8c1d-4cf4-8393-8b16c2268830",
          "title": "itreate on items",
          "fullFile": "",
          "file": "",
          "beforeHooks": [],
          "afterHooks": [],
          "tests": [
            {
              "title": "log information about all haircare products",
              "fullTitle": "itreate on items log information about all haircare products",
              "timedOut": null,
              "duration": 10902,
              "state": "passed",
              "speed": "slow",
              "pass": true,
              "fail": false,
              "pending": false,
              "context": null,
              "code": "cy.visit(\"https://www.automationteststore.com/\");\ncy.get(\".categorymenu a[href*='category&path=']\").contains(\"Hair Care\").click();\ncy.get(\".fixed_wrapper .prdocutname\").each(($el, $index, $list) => {\n  cy.log(\"index : \" + $index + \" | \" + $el.text());\n});",
              "err": {},
              "uuid": "ef012f36-473c-4e6b-95e4-038e1c737b52",
              "parentUUID": "e3fa9342-8c1d-4cf4-8393-8b16c2268830",
              "isHook": false,
              "skipped": false
            },
            {
              "title": "add specific product to the cart",
              "fullTitle": "itreate on items add specific product to the cart",
              "timedOut": null,
              "duration": 10155,
              "state": "passed",
              "speed": "slow",
              "pass": true,
              "fail": false,
              "pending": false,
              "context": null,
              "code": "cy.visit(\"https://www.automationteststore.com/\");\ncy.get(\".categorymenu a[href*='category&path=']\").contains(\"Hair Care\").click();\ncy.get(\".fixed_wrapper .prdocutname\").each(($el, $index, $list) => {\n  if ($el.text().includes(\"Curls to straight Shampoo\")) {\n    cy.wrap($el).click();\n  }\n});",
              "err": {},
              "uuid": "f9d0641a-fe6b-4463-9541-2538ebc6b984",
              "parentUUID": "e3fa9342-8c1d-4cf4-8393-8b16c2268830",
              "isHook": false,
              "skipped": false
            }
          ],
          "suites": [],
          "passes": [
            "ef012f36-473c-4e6b-95e4-038e1c737b52",
            "f9d0641a-fe6b-4463-9541-2538ebc6b984"
          ],
          "failures": [],
          "pending": [],
          "skipped": [],
          "duration": 21057,
          "root": false,
          "rootEmpty": false,
          "_timeout": 2000
        }
      ],
      "passes": [],
      "failures": [],
      "pending": [],
      "skipped": [],
      "duration": 0,
      "root": true,
      "rootEmpty": true,
      "_timeout": 2000
    },
    {
      "uuid": "5fefa800-e643-4b2b-b789-4bf7e30d0264",
      "title": "",
      "fullFile": "cypress\\e2e\\webdriver-uni\\browser-navigation.js",
      "file": "cypress\\e2e\\webdriver-uni\\browser-navigation.js",
      "beforeHooks": [],
      "afterHooks": [],
      "tests": [],
      "suites": [
        {
          "uuid": "af32e247-d856-46a1-8bea-cc90b49064dc",
          "title": "Validate webdriveruni homepage links",
          "fullFile": "",
          "file": "",
          "beforeHooks": [],
          "afterHooks": [],
          "tests": [
            {
              "title": "Confirm links redirect to the correct pages",
              "fullTitle": "Validate webdriveruni homepage links Confirm links redirect to the correct pages",
              "timedOut": null,
              "duration": 12720,
              "state": "passed",
              "speed": "slow",
              "pass": true,
              "fail": false,
              "pending": false,
              "context": null,
              "code": "//cy.visit(\"http://www.webdriveruniversity.com/Contact-Us/contactus.html\");\ncy.visit(\"http://www.webdriveruniversity.com\");\ncy.get('#contact-us').invoke('removeAttr', 'target').click({\n  force: true\n});\ncy.url().should('include', 'contactus');\ncy.go('back');\ncy.reload();\ncy.url().should('include', 'http://www.webdriveruniversity.com/');\n//cy.reload(true) //reload without using cache\ncy.go('forward');\ncy.url().should('include', 'contactus');\ncy.go('back');\ncy.get('#login-portal').invoke('removeAttr', 'target').click({\n  force: true\n});\ncy.url().should('include', 'Login-Portal');\ncy.go('back');\ncy.get('#to-do-list').invoke('removeAttr', 'target').click({\n  force: true\n});\ncy.url().should('include', 'To-Do-List');\ncy.go('back');",
              "err": {},
              "uuid": "d67432e8-452c-485f-93ed-4a3baced61c1",
              "parentUUID": "af32e247-d856-46a1-8bea-cc90b49064dc",
              "isHook": false,
              "skipped": false
            }
          ],
          "suites": [],
          "passes": [
            "d67432e8-452c-485f-93ed-4a3baced61c1"
          ],
          "failures": [],
          "pending": [],
          "skipped": [],
          "duration": 12720,
          "root": false,
          "rootEmpty": false,
          "_timeout": 2000
        }
      ],
      "passes": [],
      "failures": [],
      "pending": [],
      "skipped": [],
      "duration": 0,
      "root": true,
      "rootEmpty": true,
      "_timeout": 2000
    },
    {
      "uuid": "d060abbb-434f-4ee2-b697-ce9046c885de",
      "title": "",
      "fullFile": "cypress\\e2e\\webdriver-uni\\checkboxes.js",
      "file": "cypress\\e2e\\webdriver-uni\\checkboxes.js",
      "beforeHooks": [],
      "afterHooks": [],
      "tests": [],
      "suites": [
        {
          "uuid": "8e852ecb-43f9-4a2c-91dc-7fa2c93a2e7e",
          "title": "these tests are for trying to work with checkboxes  ",
          "fullFile": "",
          "file": "",
          "beforeHooks": [],
          "afterHooks": [],
          "tests": [
            {
              "title": "checking one check box",
              "fullTitle": "these tests are for trying to work with checkboxes   checking one check box",
              "timedOut": null,
              "duration": 4034,
              "state": "passed",
              "speed": "fast",
              "pass": true,
              "fail": false,
              "pending": false,
              "context": null,
              "code": "cy.get(\"#checkboxes input[type='checkbox']\").first().check().should('be.checked');",
              "err": {},
              "uuid": "11e059d9-36ff-4a2a-9624-a11f517f115c",
              "parentUUID": "8e852ecb-43f9-4a2c-91dc-7fa2c93a2e7e",
              "isHook": false,
              "skipped": false
            },
            {
              "title": "un-checking one check box",
              "fullTitle": "these tests are for trying to work with checkboxes   un-checking one check box",
              "timedOut": null,
              "duration": 813,
              "state": "passed",
              "speed": "fast",
              "pass": true,
              "fail": false,
              "pending": false,
              "context": null,
              "code": "cy.get(\"#checkboxes input[type='checkbox']\").eq(2).uncheck().should('not.be.checked');\n;",
              "err": {},
              "uuid": "072420ae-3c2f-4a76-81ce-8f87d9c8b37f",
              "parentUUID": "8e852ecb-43f9-4a2c-91dc-7fa2c93a2e7e",
              "isHook": false,
              "skipped": false
            },
            {
              "title": "checking multiple check boxs",
              "fullTitle": "these tests are for trying to work with checkboxes   checking multiple check boxs",
              "timedOut": null,
              "duration": 979,
              "state": "passed",
              "speed": "fast",
              "pass": true,
              "fail": false,
              "pending": false,
              "context": null,
              "code": "// pass aray of check box values that you want to check or pass one value without array if you  want to check one of them\ncy.get(\"#checkboxes input[type='checkbox']\").check([\"option-1\", \"option-2\", \"option-3\", \"option-4\"]).should('be.checked');\n;",
              "err": {},
              "uuid": "a1350655-ccd4-4679-a812-e7955577f5fd",
              "parentUUID": "8e852ecb-43f9-4a2c-91dc-7fa2c93a2e7e",
              "isHook": false,
              "skipped": false
            }
          ],
          "suites": [],
          "passes": [
            "11e059d9-36ff-4a2a-9624-a11f517f115c",
            "072420ae-3c2f-4a76-81ce-8f87d9c8b37f",
            "a1350655-ccd4-4679-a812-e7955577f5fd"
          ],
          "failures": [],
          "pending": [],
          "skipped": [],
          "duration": 5826,
          "root": false,
          "rootEmpty": false,
          "_timeout": 2000
        }
      ],
      "passes": [],
      "failures": [],
      "pending": [],
      "skipped": [],
      "duration": 0,
      "root": true,
      "rootEmpty": true,
      "_timeout": 2000
    },
    {
      "uuid": "fc577324-7c40-43d6-9978-e8a6b0b506ee",
      "title": "",
      "fullFile": "cypress\\e2e\\webdriver-uni\\contact-us.js",
      "file": "cypress\\e2e\\webdriver-uni\\contact-us.js",
      "beforeHooks": [],
      "afterHooks": [],
      "tests": [],
      "suites": [
        {
          "uuid": "6aa37eed-2fb4-4d38-a07d-1939657f7acc",
          "title": "Test Contact Us page",
          "fullFile": "",
          "file": "",
          "beforeHooks": [],
          "afterHooks": [],
          "tests": [
            {
              "title": "cheack page title and charset",
              "fullTitle": "Test Contact Us page cheack page title and charset",
              "timedOut": null,
              "duration": 4125,
              "state": "passed",
              "speed": "fast",
              "pass": true,
              "fail": false,
              "pending": false,
              "context": null,
              "code": "cy.document().should(\"have.property\", \"charset\").and(\"eq\", \"UTF-8\");\ncy.title().should(\"include\", \"WebDriver | Contact Us\");\ncy.url().should(\"include\", \"Contact-Us\");",
              "err": {},
              "uuid": "534a5555-29ed-492d-9d3e-57b9162cbcfc",
              "parentUUID": "6aa37eed-2fb4-4d38-a07d-1939657f7acc",
              "isHook": false,
              "skipped": false
            },
            {
              "title": "fill all required inputs and submit successfully",
              "fullTitle": "Test Contact Us page fill all required inputs and submit successfully",
              "timedOut": null,
              "duration": 4992,
              "state": "passed",
              "speed": "fast",
              "pass": true,
              "fail": false,
              "pending": false,
              "context": null,
              "code": "cy.get('[placeholder=\"First Name\"]').type(data.firstname);\ncy.get('[placeholder=\"Last Name\"]').type(data.lastname);\ncy.get('[placeholder=\"Email Address\"]').type(data.email);\ncy.get('[placeholder=\"Comments\"]').type(data.body);\ncy.get('[Value=\"SUBMIT\"]').click();\ncy.get(\"#contact_reply > h1\").should(\"have.text\", \"Thank You for your Message!\");",
              "err": {},
              "uuid": "33695b6c-d992-4742-9068-9cd51491e3ba",
              "parentUUID": "6aa37eed-2fb4-4d38-a07d-1939657f7acc",
              "isHook": false,
              "skipped": false
            }
          ],
          "suites": [],
          "passes": [
            "534a5555-29ed-492d-9d3e-57b9162cbcfc",
            "33695b6c-d992-4742-9068-9cd51491e3ba"
          ],
          "failures": [],
          "pending": [],
          "skipped": [],
          "duration": 9117,
          "root": false,
          "rootEmpty": false,
          "_timeout": 2000
        }
      ],
      "passes": [],
      "failures": [],
      "pending": [],
      "skipped": [],
      "duration": 0,
      "root": true,
      "rootEmpty": true,
      "_timeout": 2000
    },
    {
      "uuid": "f1268f70-c25c-476b-a868-4115b05243bd",
      "title": "",
      "fullFile": "cypress\\e2e\\webdriver-uni\\dropdown-list.js",
      "file": "cypress\\e2e\\webdriver-uni\\dropdown-list.js",
      "beforeHooks": [],
      "afterHooks": [],
      "tests": [],
      "suites": [
        {
          "uuid": "635858f6-e73e-4cb8-ba78-a16823dd2c33",
          "title": "Interact with dropdown lists via webdriveruni",
          "fullFile": "",
          "file": "",
          "beforeHooks": [],
          "afterHooks": [],
          "tests": [
            {
              "title": "Select specific values via select dropdown lists",
              "fullTitle": "Interact with dropdown lists via webdriveruni Select specific values via select dropdown lists",
              "timedOut": null,
              "duration": 4614,
              "state": "passed",
              "speed": "fast",
              "pass": true,
              "fail": false,
              "pending": false,
              "context": null,
              "code": "cy.visit(\"http://www.webdriveruniversity.com\");\ncy.get('#dropdown-checkboxes-radiobuttons').invoke('removeAttr', 'target').click({\n  force: true\n});\ncy.get('#dropdowm-menu-1').select('c#');\ncy.get('#dropdowm-menu-2').select('testng').should('have.value', 'testng');\ncy.get('#dropdowm-menu-3').select('JQuery').contains('JQuery');",
              "err": {},
              "uuid": "26d44f2f-1b1d-480e-89da-e209c61d508f",
              "parentUUID": "635858f6-e73e-4cb8-ba78-a16823dd2c33",
              "isHook": false,
              "skipped": false
            }
          ],
          "suites": [],
          "passes": [
            "26d44f2f-1b1d-480e-89da-e209c61d508f"
          ],
          "failures": [],
          "pending": [],
          "skipped": [],
          "duration": 4614,
          "root": false,
          "rootEmpty": false,
          "_timeout": 2000
        }
      ],
      "passes": [],
      "failures": [],
      "pending": [],
      "skipped": [],
      "duration": 0,
      "root": true,
      "rootEmpty": true,
      "_timeout": 2000
    },
    {
      "uuid": "80ae8249-4590-4780-a568-3cbceb387025",
      "title": "",
      "fullFile": "cypress\\e2e\\webdriver-uni\\file-upload.js",
      "file": "cypress\\e2e\\webdriver-uni\\file-upload.js",
      "beforeHooks": [],
      "afterHooks": [],
      "tests": [],
      "suites": [
        {
          "uuid": "71f3aa48-0779-499c-a907-7342eff7d31c",
          "title": "file for testing form that have upload file func",
          "fullFile": "",
          "file": "",
          "beforeHooks": [],
          "afterHooks": [],
          "tests": [
            {
              "title": "submit form with file",
              "fullTitle": "file for testing form that have upload file func submit form with file",
              "timedOut": null,
              "duration": 9654,
              "state": "passed",
              "speed": "medium",
              "pass": true,
              "fail": false,
              "pending": false,
              "context": null,
              "code": "cy.get(\"#myFile\").selectFile(\"cypress/fixtures/bmw.jpg\");\ncy.get(\"#submit-button\").click();\ncy.on('window:alert', str => {\n  expect(str).to.equal(\"Your file has now been uploaded!\");\n});",
              "err": {},
              "uuid": "686cab9a-0037-401a-903a-0a75ed2a27e1",
              "parentUUID": "71f3aa48-0779-499c-a907-7342eff7d31c",
              "isHook": false,
              "skipped": false
            },
            {
              "title": "submit form without file",
              "fullTitle": "file for testing form that have upload file func submit form without file",
              "timedOut": null,
              "duration": 3051,
              "state": "passed",
              "speed": "fast",
              "pass": true,
              "fail": false,
              "pending": false,
              "context": null,
              "code": "cy.get(\"#submit-button\").click();\ncy.on('window:alert', str => {\n  expect(str).to.equal(\"You need to select a file to upload!\");\n});",
              "err": {},
              "uuid": "554d19cd-a1e2-469a-b542-bbbbd1d18d72",
              "parentUUID": "71f3aa48-0779-499c-a907-7342eff7d31c",
              "isHook": false,
              "skipped": false
            }
          ],
          "suites": [],
          "passes": [
            "686cab9a-0037-401a-903a-0a75ed2a27e1",
            "554d19cd-a1e2-469a-b542-bbbbd1d18d72"
          ],
          "failures": [],
          "pending": [],
          "skipped": [],
          "duration": 12705,
          "root": false,
          "rootEmpty": false,
          "_timeout": 2000
        }
      ],
      "passes": [],
      "failures": [],
      "pending": [],
      "skipped": [],
      "duration": 0,
      "root": true,
      "rootEmpty": true,
      "_timeout": 2000
    },
    {
      "uuid": "c2c01ef8-af9d-4558-95ea-4c12a3e3d901",
      "title": "",
      "fullFile": "cypress\\e2e\\webdriver-uni\\handling-tables.js",
      "file": "cypress\\e2e\\webdriver-uni\\handling-tables.js",
      "beforeHooks": [],
      "afterHooks": [],
      "tests": [],
      "suites": [
        {
          "uuid": "88ed2551-1351-43da-ad2f-faeb7cb5d44b",
          "title": "Handling data via webdriveruni",
          "fullFile": "",
          "file": "",
          "beforeHooks": [],
          "afterHooks": [],
          "tests": [
            {
              "title": "Calculate and assert the age of a given user based on last name",
              "fullTitle": "Handling data via webdriveruni Calculate and assert the age of a given user based on last name",
              "timedOut": null,
              "duration": 4683,
              "state": "passed",
              "speed": "fast",
              "pass": true,
              "fail": false,
              "pending": false,
              "context": null,
              "code": "cy.get('#thumbnail-1 tr td:nth-child(2)').each(($el, index, $list) => {\n  const text = $el.text();\n  if (text.includes(\"Woods\")) {\n    cy.wrap($el).next().then(function (age) {\n      const userAge = age.text();\n      expect(userAge).to.equal(\"80\");\n    });\n  }\n});",
              "err": {},
              "uuid": "f1afe145-e2a5-4d2c-b19d-70773b7f24a9",
              "parentUUID": "88ed2551-1351-43da-ad2f-faeb7cb5d44b",
              "isHook": false,
              "skipped": false
            }
          ],
          "suites": [],
          "passes": [
            "f1afe145-e2a5-4d2c-b19d-70773b7f24a9"
          ],
          "failures": [],
          "pending": [],
          "skipped": [],
          "duration": 4683,
          "root": false,
          "rootEmpty": false,
          "_timeout": 2000
        }
      ],
      "passes": [],
      "failures": [],
      "pending": [],
      "skipped": [],
      "duration": 0,
      "root": true,
      "rootEmpty": true,
      "_timeout": 2000
    },
    {
      "uuid": "e307392f-40b9-412e-ae6c-cf4c1a3da62d",
      "title": "",
      "fullFile": "cypress\\e2e\\webdriver-uni\\iframe.js",
      "file": "cypress\\e2e\\webdriver-uni\\iframe.js",
      "beforeHooks": [],
      "afterHooks": [],
      "tests": [],
      "suites": [
        {
          "uuid": "c7a45aaa-b221-431d-9837-6752b369218b",
          "title": "these tests are for trying to work with ifram  ",
          "fullFile": "",
          "file": "",
          "beforeHooks": [],
          "afterHooks": [],
          "tests": [
            {
              "title": "clicking inide iframe (+assertion)",
              "fullTitle": "these tests are for trying to work with ifram   clicking inide iframe (+assertion)",
              "timedOut": null,
              "duration": 7284,
              "state": "passed",
              "speed": "medium",
              "pass": true,
              "fail": false,
              "pending": false,
              "context": null,
              "code": "// you need to know that cypress cannot interact directly with iframes\ncy.visit(\"https://www.webdriveruniversity.com/\");\ncy.get('#iframe').invoke(\"removeAttr\", \"target\").click();\ncy.get(\"#frame\").then(i => {\n  const body = i.contents().find(\"body\");\n  cy.wrap(body).as(\"iframe\");\n});\ncy.get(\"@iframe\").find(\"#button-find-out-more\").click();\ncy.get(\"@iframe\").find(\"#myModal\").should(\"contain\", \"Welcome to webdriveruniversity.com we sell a wide range of electrical goods such as laptops, game consoles, cameras...\");",
              "err": {},
              "uuid": "998a4f98-1600-4c7c-adda-f14e6ebbf13a",
              "parentUUID": "c7a45aaa-b221-431d-9837-6752b369218b",
              "isHook": false,
              "skipped": false
            }
          ],
          "suites": [],
          "passes": [
            "998a4f98-1600-4c7c-adda-f14e6ebbf13a"
          ],
          "failures": [],
          "pending": [],
          "skipped": [],
          "duration": 7284,
          "root": false,
          "rootEmpty": false,
          "_timeout": 2000
        }
      ],
      "passes": [],
      "failures": [],
      "pending": [],
      "skipped": [],
      "duration": 0,
      "root": true,
      "rootEmpty": true,
      "_timeout": 2000
    },
    {
      "uuid": "5912f268-2215-4d0d-a8b1-71e63f4b7bb3",
      "title": "",
      "fullFile": "cypress\\e2e\\webdriver-uni\\js-alerts.js",
      "file": "cypress\\e2e\\webdriver-uni\\js-alerts.js",
      "beforeHooks": [],
      "afterHooks": [],
      "tests": [],
      "suites": [
        {
          "uuid": "2743f8f2-a703-4636-b61a-0c523818d019",
          "title": "handling alert in cypress",
          "fullFile": "",
          "file": "",
          "beforeHooks": [],
          "afterHooks": [],
          "tests": [
            {
              "title": "confirm alert is contain the correct text",
              "fullTitle": "handling alert in cypress confirm alert is contain the correct text",
              "timedOut": null,
              "duration": 1689,
              "state": "passed",
              "speed": "fast",
              "pass": true,
              "fail": false,
              "pending": false,
              "context": null,
              "code": "cy.get(\"#button1\").click();\n//notice that cypress by default press ok button\ncy.on('window:alert', str => {\n  expect(str).to.equal(\"I am an alert box!\");\n});",
              "err": {},
              "uuid": "b8d722cc-9a21-41b8-a298-55cd2837c057",
              "parentUUID": "2743f8f2-a703-4636-b61a-0c523818d019",
              "isHook": false,
              "skipped": false
            },
            {
              "title": "click cancel in alert ",
              "fullTitle": "handling alert in cypress click cancel in alert ",
              "timedOut": null,
              "duration": 375,
              "state": "passed",
              "speed": "fast",
              "pass": true,
              "fail": false,
              "pending": false,
              "context": null,
              "code": "cy.get(\"#button4\").click();\n//notice that cypress by default press ok button\n// if you want to press cancel return false here (window:confirm)\ncy.on('window:confirm', str => {\n  return false;\n});\ncy.get(\"#confirm-alert-text\").should(\"have.text\", \"You pressed Cancel!\");",
              "err": {},
              "uuid": "f6512f4a-59de-46f2-af96-834800860d0b",
              "parentUUID": "2743f8f2-a703-4636-b61a-0c523818d019",
              "isHook": false,
              "skipped": false
            }
          ],
          "suites": [],
          "passes": [
            "b8d722cc-9a21-41b8-a298-55cd2837c057",
            "f6512f4a-59de-46f2-af96-834800860d0b"
          ],
          "failures": [],
          "pending": [],
          "skipped": [],
          "duration": 2064,
          "root": false,
          "rootEmpty": false,
          "_timeout": 2000
        }
      ],
      "passes": [],
      "failures": [],
      "pending": [],
      "skipped": [],
      "duration": 0,
      "root": true,
      "rootEmpty": true,
      "_timeout": 2000
    },
    {
      "uuid": "c7a248a8-d8bd-4ffd-8f74-f0c0bb323348",
      "title": "",
      "fullFile": "cypress\\e2e\\webdriver-uni\\mouse-actions.js",
      "file": "cypress\\e2e\\webdriver-uni\\mouse-actions.js",
      "beforeHooks": [],
      "afterHooks": [],
      "tests": [],
      "suites": [
        {
          "uuid": "33bd60e9-2073-4044-b267-bb4c776f776a",
          "title": "Test mouse actions",
          "fullFile": "",
          "file": "",
          "beforeHooks": [],
          "afterHooks": [],
          "tests": [
            {
              "title": "I should be able to drag and drop a draggable item",
              "fullTitle": "Test mouse actions I should be able to drag and drop a draggable item",
              "timedOut": null,
              "duration": 4073,
              "state": "passed",
              "speed": "fast",
              "pass": true,
              "fail": false,
              "pending": false,
              "context": null,
              "code": "cy.get('#draggable').trigger('mousedown', {\n  which: 1\n});\ncy.get('#droppable').trigger('mousemove').trigger('mouseup', {\n  force: true\n});",
              "err": {},
              "uuid": "a1abae0b-8709-4d6d-b683-4c442b9b9e89",
              "parentUUID": "33bd60e9-2073-4044-b267-bb4c776f776a",
              "isHook": false,
              "skipped": false
            },
            {
              "title": "I should be able to perform a double mouse click",
              "fullTitle": "Test mouse actions I should be able to perform a double mouse click",
              "timedOut": null,
              "duration": 781,
              "state": "passed",
              "speed": "fast",
              "pass": true,
              "fail": false,
              "pending": false,
              "context": null,
              "code": "cy.get('#double-click').dblclick();",
              "err": {},
              "uuid": "1a9e643a-208d-4c7a-a289-ae7a7ddd62f9",
              "parentUUID": "33bd60e9-2073-4044-b267-bb4c776f776a",
              "isHook": false,
              "skipped": false
            },
            {
              "title": "I should be able hold down the left mouse click button on a given element",
              "fullTitle": "Test mouse actions I should be able hold down the left mouse click button on a given element",
              "timedOut": null,
              "duration": 857,
              "state": "passed",
              "speed": "fast",
              "pass": true,
              "fail": false,
              "pending": false,
              "context": null,
              "code": "cy.get('#click-box').trigger('mousedown', {\n  which: 1\n}).then($element => {\n  expect($element).to.have.css('background-color', 'rgb(0, 255, 0)');\n});",
              "err": {},
              "uuid": "6f695507-93b5-49da-9bb8-c02a64a1e1ea",
              "parentUUID": "33bd60e9-2073-4044-b267-bb4c776f776a",
              "isHook": false,
              "skipped": false
            }
          ],
          "suites": [],
          "passes": [
            "a1abae0b-8709-4d6d-b683-4c442b9b9e89",
            "1a9e643a-208d-4c7a-a289-ae7a7ddd62f9",
            "6f695507-93b5-49da-9bb8-c02a64a1e1ea"
          ],
          "failures": [],
          "pending": [],
          "skipped": [],
          "duration": 5711,
          "root": false,
          "rootEmpty": false,
          "_timeout": 2000
        }
      ],
      "passes": [],
      "failures": [],
      "pending": [],
      "skipped": [],
      "duration": 0,
      "root": true,
      "rootEmpty": true,
      "_timeout": 2000
    },
    {
      "uuid": "675c41c4-f74a-4f63-98f4-a29dedafa82e",
      "title": "",
      "fullFile": "cypress\\e2e\\webdriver-uni\\traversing-elements.js",
      "file": "cypress\\e2e\\webdriver-uni\\traversing-elements.js",
      "beforeHooks": [],
      "afterHooks": [],
      "tests": [],
      "suites": [
        {
          "uuid": "093e0a65-751a-4dc6-ba6e-36cd67946406",
          "title": "Traversing DOM elements in Cypress",
          "fullFile": "",
          "file": "",
          "beforeHooks": [],
          "afterHooks": [],
          "tests": [
            {
              "title": "children() to get the children of DOM elements",
              "fullTitle": "Traversing DOM elements in Cypress children() to get the children of DOM elements",
              "timedOut": null,
              "duration": 7942,
              "state": "passed",
              "speed": "medium",
              "pass": true,
              "fail": false,
              "pending": false,
              "context": null,
              "code": "cy.get('.traversal-breadcrumb').children('.active').should('contain', 'Contact Us');",
              "err": {},
              "uuid": "17089665-60fc-4868-99de-af1720496d35",
              "parentUUID": "093e0a65-751a-4dc6-ba6e-36cd67946406",
              "isHook": false,
              "skipped": false
            },
            {
              "title": "closest() to validate the closest ancestor DOM element",
              "fullTitle": "Traversing DOM elements in Cypress closest() to validate the closest ancestor DOM element",
              "timedOut": null,
              "duration": 1252,
              "state": "passed",
              "speed": "fast",
              "pass": true,
              "fail": false,
              "pending": false,
              "context": null,
              "code": "cy.get('.traversal-badge').closest('ul').should('have.class', 'list-group');",
              "err": {},
              "uuid": "3223da01-64b5-4b15-bd23-cc5807194815",
              "parentUUID": "093e0a65-751a-4dc6-ba6e-36cd67946406",
              "isHook": false,
              "skipped": false
            },
            {
              "title": "eq() to retrieve a specific element based on index",
              "fullTitle": "Traversing DOM elements in Cypress eq() to retrieve a specific element based on index",
              "timedOut": null,
              "duration": 1095,
              "state": "passed",
              "speed": "fast",
              "pass": true,
              "fail": false,
              "pending": false,
              "context": null,
              "code": "cy.get('.traversal-drinks-list > *').eq(2).should('contain', 'Milk');",
              "err": {},
              "uuid": "6bda2b58-dc88-441b-adf3-667775fbf6ee",
              "parentUUID": "093e0a65-751a-4dc6-ba6e-36cd67946406",
              "isHook": false,
              "skipped": false
            },
            {
              "title": "filter() to retrieve DOM elements that match a specific selector",
              "fullTitle": "Traversing DOM elements in Cypress filter() to retrieve DOM elements that match a specific selector",
              "timedOut": null,
              "duration": 3083,
              "state": "passed",
              "speed": "fast",
              "pass": true,
              "fail": false,
              "pending": false,
              "context": null,
              "code": "cy.get('.btn-group-toggle > *').filter('.active').should('contain', 'Button-1');",
              "err": {},
              "uuid": "9f3d6784-b8b5-494c-82a2-33111cfaa736",
              "parentUUID": "093e0a65-751a-4dc6-ba6e-36cd67946406",
              "isHook": false,
              "skipped": false
            },
            {
              "title": "find() to retrieve DOM elements of a given selector",
              "fullTitle": "Traversing DOM elements in Cypress find() to retrieve DOM elements of a given selector",
              "timedOut": null,
              "duration": 2110,
              "state": "passed",
              "speed": "fast",
              "pass": true,
              "fail": false,
              "pending": false,
              "context": null,
              "code": "cy.get('.traversal-pagination').find('li').find('a').should('have.length', 7);",
              "err": {},
              "uuid": "7f976a5a-7876-4890-8c76-03b5297c708a",
              "parentUUID": "093e0a65-751a-4dc6-ba6e-36cd67946406",
              "isHook": false,
              "skipped": false
            },
            {
              "title": "first() to retrieve the first DOM element within elements ",
              "fullTitle": "Traversing DOM elements in Cypress first() to retrieve the first DOM element within elements ",
              "timedOut": null,
              "duration": 1023,
              "state": "passed",
              "speed": "fast",
              "pass": true,
              "fail": false,
              "pending": false,
              "context": null,
              "code": "cy.get('.traversal-table > tbody > tr > td').first().should('contain', 'Andy');",
              "err": {},
              "uuid": "f6cc79ca-b67f-4ed0-86ce-27fc33053158",
              "parentUUID": "093e0a65-751a-4dc6-ba6e-36cd67946406",
              "isHook": false,
              "skipped": false
            },
            {
              "title": "last() to retrieve the last DOM element within elements",
              "fullTitle": "Traversing DOM elements in Cypress last() to retrieve the last DOM element within elements",
              "timedOut": null,
              "duration": 1239,
              "state": "passed",
              "speed": "fast",
              "pass": true,
              "fail": false,
              "pending": false,
              "context": null,
              "code": "cy.get('.traversal-table > tbody > tr > td').last().should('contain', 'Scott');",
              "err": {},
              "uuid": "f4ea3f72-3de4-480c-9cd0-317dc007155e",
              "parentUUID": "093e0a65-751a-4dc6-ba6e-36cd67946406",
              "isHook": false,
              "skipped": false
            },
            {
              "title": "nextAll() to get all of the next sibling DOM elements within elements",
              "fullTitle": "Traversing DOM elements in Cypress nextAll() to get all of the next sibling DOM elements within elements",
              "timedOut": null,
              "duration": 1575,
              "state": "passed",
              "speed": "fast",
              "pass": true,
              "fail": false,
              "pending": false,
              "context": null,
              "code": "cy.get('.traversal-drinks-list').contains('Tea').nextAll().should('have.length', '3');",
              "err": {},
              "uuid": "bd957db2-a743-4c89-bae6-e5620f73c3a2",
              "parentUUID": "093e0a65-751a-4dc6-ba6e-36cd67946406",
              "isHook": false,
              "skipped": false
            },
            {
              "title": "nextUntil() to get all of the next sibling DOM elements within elements until another element",
              "fullTitle": "Traversing DOM elements in Cypress nextUntil() to get all of the next sibling DOM elements within elements until another element",
              "timedOut": null,
              "duration": 674,
              "state": "passed",
              "speed": "fast",
              "pass": true,
              "fail": false,
              "pending": false,
              "context": null,
              "code": "cy.get('#coffee').nextUntil('#milk');",
              "err": {},
              "uuid": "0acfa39b-2a72-483b-88c1-d0750a5eab9c",
              "parentUUID": "093e0a65-751a-4dc6-ba6e-36cd67946406",
              "isHook": false,
              "skipped": false
            },
            {
              "title": "not() to remove DOM element(s) from the set of elements",
              "fullTitle": "Traversing DOM elements in Cypress not() to remove DOM element(s) from the set of elements",
              "timedOut": null,
              "duration": 720,
              "state": "passed",
              "speed": "fast",
              "pass": true,
              "fail": false,
              "pending": false,
              "context": null,
              "code": "cy.get('.traversal-button-states > button').not('.disabled').should('not.have.class', 'disabled');",
              "err": {},
              "uuid": "18954ac2-1a07-4fd2-bca2-91ae4b0c9924",
              "parentUUID": "093e0a65-751a-4dc6-ba6e-36cd67946406",
              "isHook": false,
              "skipped": false
            },
            {
              "title": "parent() To get parent DOM element of elements",
              "fullTitle": "Traversing DOM elements in Cypress parent() To get parent DOM element of elements",
              "timedOut": null,
              "duration": 2708,
              "state": "passed",
              "speed": "fast",
              "pass": true,
              "fail": false,
              "pending": false,
              "context": null,
              "code": "cy.get('.traversal-mark').parent().should('contain', 'Lorem ipsum dolor sit amet');",
              "err": {},
              "uuid": "d030247d-75a0-4e9e-8daa-d6ca8abb150c",
              "parentUUID": "093e0a65-751a-4dc6-ba6e-36cd67946406",
              "isHook": false,
              "skipped": false
            },
            {
              "title": "parents() to get parents DOM element of elements",
              "fullTitle": "Traversing DOM elements in Cypress parents() to get parents DOM element of elements",
              "timedOut": null,
              "duration": 612,
              "state": "passed",
              "speed": "fast",
              "pass": true,
              "fail": false,
              "pending": false,
              "context": null,
              "code": "cy.get('.traversal-cite').parents().should('match', 'blockquote');",
              "err": {},
              "uuid": "eea3a8fe-fdd1-4238-8a50-15f66c5b2c42",
              "parentUUID": "093e0a65-751a-4dc6-ba6e-36cd67946406",
              "isHook": false,
              "skipped": false
            },
            {
              "title": "prev() to get the previous sibling DOM element within elements",
              "fullTitle": "Traversing DOM elements in Cypress prev() to get the previous sibling DOM element within elements",
              "timedOut": null,
              "duration": 556,
              "state": "passed",
              "speed": "fast",
              "pass": true,
              "fail": false,
              "pending": false,
              "context": null,
              "code": "cy.get('#sugar').prev().contains('Espresso');",
              "err": {},
              "uuid": "16b460bc-2aea-4a27-8ec0-d749f68b7b4b",
              "parentUUID": "093e0a65-751a-4dc6-ba6e-36cd67946406",
              "isHook": false,
              "skipped": false
            },
            {
              "title": "prevAll() to get all previous sibling DOM elements within elements",
              "fullTitle": "Traversing DOM elements in Cypress prevAll() to get all previous sibling DOM elements within elements",
              "timedOut": null,
              "duration": 590,
              "state": "passed",
              "speed": "fast",
              "pass": true,
              "fail": false,
              "pending": false,
              "context": null,
              "code": "cy.get('.sales').prevAll().should('have.length', 2);",
              "err": {},
              "uuid": "89e7bf98-822a-43f2-a22f-d3991d6c9bfb",
              "parentUUID": "093e0a65-751a-4dc6-ba6e-36cd67946406",
              "isHook": false,
              "skipped": false
            },
            {
              "title": "prevUntil() to get all previous sibling DOM elements within elements until other element",
              "fullTitle": "Traversing DOM elements in Cypress prevUntil() to get all previous sibling DOM elements within elements until other element",
              "timedOut": null,
              "duration": 930,
              "state": "passed",
              "speed": "fast",
              "pass": true,
              "fail": false,
              "pending": false,
              "context": null,
              "code": "cy.get('#veggie').prevUntil('#fruits').should('have.length', 5);",
              "err": {},
              "uuid": "ab62857b-cde1-46f8-9c80-a4c1c6a52056",
              "parentUUID": "093e0a65-751a-4dc6-ba6e-36cd67946406",
              "isHook": false,
              "skipped": false
            },
            {
              "title": "siblings() To get all sibling DOM elements of elements",
              "fullTitle": "Traversing DOM elements in Cypress siblings() To get all sibling DOM elements of elements",
              "timedOut": null,
              "duration": 917,
              "state": "passed",
              "speed": "fast",
              "pass": true,
              "fail": false,
              "pending": false,
              "context": null,
              "code": "cy.get('.traversal-button-other-states .active').siblings().should('have.length', 3);",
              "err": {},
              "uuid": "dcb2a274-1b31-4423-8d79-36cb2eac5a49",
              "parentUUID": "093e0a65-751a-4dc6-ba6e-36cd67946406",
              "isHook": false,
              "skipped": false
            }
          ],
          "suites": [],
          "passes": [
            "17089665-60fc-4868-99de-af1720496d35",
            "3223da01-64b5-4b15-bd23-cc5807194815",
            "6bda2b58-dc88-441b-adf3-667775fbf6ee",
            "9f3d6784-b8b5-494c-82a2-33111cfaa736",
            "7f976a5a-7876-4890-8c76-03b5297c708a",
            "f6cc79ca-b67f-4ed0-86ce-27fc33053158",
            "f4ea3f72-3de4-480c-9cd0-317dc007155e",
            "bd957db2-a743-4c89-bae6-e5620f73c3a2",
            "0acfa39b-2a72-483b-88c1-d0750a5eab9c",
            "18954ac2-1a07-4fd2-bca2-91ae4b0c9924",
            "d030247d-75a0-4e9e-8daa-d6ca8abb150c",
            "eea3a8fe-fdd1-4238-8a50-15f66c5b2c42",
            "16b460bc-2aea-4a27-8ec0-d749f68b7b4b",
            "89e7bf98-822a-43f2-a22f-d3991d6c9bfb",
            "ab62857b-cde1-46f8-9c80-a4c1c6a52056",
            "dcb2a274-1b31-4423-8d79-36cb2eac5a49"
          ],
          "failures": [],
          "pending": [],
          "skipped": [],
          "duration": 27026,
          "root": false,
          "rootEmpty": false,
          "_timeout": 2000
        }
      ],
      "passes": [],
      "failures": [],
      "pending": [],
      "skipped": [],
      "duration": 0,
      "root": true,
      "rootEmpty": true,
      "_timeout": 2000
    },
    {
      "uuid": "01cbb4ab-9179-4e66-94cf-84322b0b2c02",
      "title": "",
      "fullFile": "cypress\\e2e\\automation-test-store\\adding-items-to-cart.js",
      "file": "cypress\\e2e\\automation-test-store\\adding-items-to-cart.js",
      "beforeHooks": [],
      "afterHooks": [],
      "tests": [],
      "suites": [
        {
          "uuid": "c763d8d3-d4b6-43af-9cce-fd8084e8a29a",
          "title": "add item to cart or basket",
          "fullFile": "",
          "file": "",
          "beforeHooks": [],
          "afterHooks": [],
          "tests": [
            {
              "title": "add multiple items to basket",
              "fullTitle": "add item to cart or basket add multiple items to basket",
              "timedOut": null,
              "duration": 13027,
              "state": "passed",
              "speed": "slow",
              "pass": true,
              "fail": false,
              "pending": false,
              "context": null,
              "code": "data.forEach(product => {\n  cy.addToCart(product);\n});\ncy.get(\".label.label-orange.font14\").contains(3).should(\"have.text\", \"3\");",
              "err": {},
              "uuid": "0e1cfb0a-d861-4ca4-8c38-f17b30d6ba77",
              "parentUUID": "c763d8d3-d4b6-43af-9cce-fd8084e8a29a",
              "isHook": false,
              "skipped": false
            }
          ],
          "suites": [],
          "passes": [
            "0e1cfb0a-d861-4ca4-8c38-f17b30d6ba77"
          ],
          "failures": [],
          "pending": [],
          "skipped": [],
          "duration": 13027,
          "root": false,
          "rootEmpty": false,
          "_timeout": 2000
        }
      ],
      "passes": [],
      "failures": [],
      "pending": [],
      "skipped": [],
      "duration": 0,
      "root": true,
      "rootEmpty": true,
      "_timeout": 2000
    },
    {
      "uuid": "19cd5646-26d6-42b9-93e6-97496d6a2d7c",
      "title": "",
      "fullFile": "cypress\\e2e\\automation-test-store\\alias-invoke.js",
      "file": "cypress\\e2e\\automation-test-store\\alias-invoke.js",
      "beforeHooks": [],
      "afterHooks": [],
      "tests": [],
      "suites": [
        {
          "uuid": "19f2e823-0f6d-4c4a-a1cb-4c105a4089d0",
          "title": "aias and invoke exmaples",
          "fullFile": "",
          "file": "",
          "beforeHooks": [],
          "afterHooks": [],
          "tests": [
            {
              "title": "calculate items prices including ones on sale",
              "fullTitle": "aias and invoke exmaples calculate items prices including ones on sale",
              "timedOut": null,
              "duration": 5744,
              "state": "passed",
              "speed": "medium",
              "pass": true,
              "fail": false,
              "pending": false,
              "context": null,
              "code": "cy.visit(\"https://www.automationteststore.com/\");\ncy.get(\".thumbnail\").as(\"productThumbnail\");\nlet sum = 0;\n// product not in sale only have .oneprice  class\ncy.get(\"@productThumbnail\").find(\".oneprice\").invoke('text').as('prodprices');\ncy.get('@prodprices').then(items => {\n  const prices = items.split('$');\n  let nonsaleprices = 0;\n  prices.forEach(i => {\n    nonsaleprices += +i;\n  });\n  sum += nonsaleprices;\n  cy.log(\"Non SALE prods sum is :\" + nonsaleprices);\n});\n// product on sale have .pricenew class\ncy.get(\"@productThumbnail\").find(\".pricenew\").invoke('text').as('saleprodprices');\ncy.get('@saleprodprices').then(items => {\n  const prices = items.split('$');\n  let saleprices = 0;\n  prices.forEach(i => {\n    saleprices += +i;\n  });\n  sum += saleprices;\n  cy.log(\"SALE prods sum is :\" + saleprices);\n  cy.log(\"total sum : \" + sum);\n});",
              "err": {},
              "uuid": "e0a6c15e-69a7-4fdc-be77-8a8e527e8673",
              "parentUUID": "19f2e823-0f6d-4c4a-a1cb-4c105a4089d0",
              "isHook": false,
              "skipped": false
            }
          ],
          "suites": [],
          "passes": [
            "e0a6c15e-69a7-4fdc-be77-8a8e527e8673"
          ],
          "failures": [],
          "pending": [],
          "skipped": [],
          "duration": 5744,
          "root": false,
          "rootEmpty": false,
          "_timeout": 2000
        }
      ],
      "passes": [],
      "failures": [],
      "pending": [],
      "skipped": [],
      "duration": 0,
      "root": true,
      "rootEmpty": true,
      "_timeout": 2000
    },
    {
      "uuid": "40e6d41e-b432-4fb6-bcec-784d1f627669",
      "title": "",
      "fullFile": "cypress\\e2e\\automation-test-store\\contact-us.js",
      "file": "cypress\\e2e\\automation-test-store\\contact-us.js",
      "beforeHooks": [],
      "afterHooks": [],
      "tests": [],
      "suites": [
        {
          "uuid": "a1f2c902-62ad-446a-947a-f1e9ecd9bb36",
          "title": "Test Contact Us page",
          "fullFile": "",
          "file": "",
          "beforeHooks": [],
          "afterHooks": [],
          "tests": [
            {
              "title": "fill all required inputs and submit successfully",
              "fullTitle": "Test Contact Us page fill all required inputs and submit successfully",
              "timedOut": null,
              "duration": 11074,
              "state": "passed",
              "speed": "slow",
              "pass": true,
              "fail": false,
              "pending": false,
              "context": null,
              "code": "myContactsUsPage.send(\"ibaa\", \"example@test.com\", \"hello world !\", \"Your enquiry has been successfully sent to the store owner!\");",
              "err": {},
              "uuid": "d6eca80c-ae65-4046-86d4-619b6aea9d68",
              "parentUUID": "a1f2c902-62ad-446a-947a-f1e9ecd9bb36",
              "isHook": false,
              "skipped": false
            }
          ],
          "suites": [],
          "passes": [
            "d6eca80c-ae65-4046-86d4-619b6aea9d68"
          ],
          "failures": [],
          "pending": [],
          "skipped": [],
          "duration": 11074,
          "root": false,
          "rootEmpty": false,
          "_timeout": 2000
        }
      ],
      "passes": [],
      "failures": [],
      "pending": [],
      "skipped": [],
      "duration": 0,
      "root": true,
      "rootEmpty": true,
      "_timeout": 2000
    },
    {
      "uuid": "2b19f63a-dfbb-4cdd-b032-2048316d575c",
      "title": "",
      "fullFile": "cypress\\e2e\\automation-test-store\\iteration.js",
      "file": "cypress\\e2e\\automation-test-store\\iteration.js",
      "beforeHooks": [],
      "afterHooks": [],
      "tests": [],
      "suites": [
        {
          "uuid": "1597bb40-0f23-4679-a60f-5dc9f50a8ec5",
          "title": "itreate on items",
          "fullFile": "",
          "file": "",
          "beforeHooks": [],
          "afterHooks": [],
          "tests": [
            {
              "title": "log information about all haircare products",
              "fullTitle": "itreate on items log information about all haircare products",
              "timedOut": null,
              "duration": 7290,
              "state": "passed",
              "speed": "medium",
              "pass": true,
              "fail": false,
              "pending": false,
              "context": null,
              "code": "cy.visit(\"https://www.automationteststore.com/\");\ncy.get(\".categorymenu a[href*='category&path=']\").contains(\"Hair Care\").click();\ncy.get(\".fixed_wrapper .prdocutname\").each(($el, $index, $list) => {\n  cy.log(\"index : \" + $index + \" | \" + $el.text());\n});",
              "err": {},
              "uuid": "aac867a8-dcc2-4d10-a0fc-9343e1999f2b",
              "parentUUID": "1597bb40-0f23-4679-a60f-5dc9f50a8ec5",
              "isHook": false,
              "skipped": false
            },
            {
              "title": "add specific product to the cart",
              "fullTitle": "itreate on items add specific product to the cart",
              "timedOut": null,
              "duration": 7663,
              "state": "passed",
              "speed": "medium",
              "pass": true,
              "fail": false,
              "pending": false,
              "context": null,
              "code": "cy.visit(\"https://www.automationteststore.com/\");\ncy.get(\".categorymenu a[href*='category&path=']\").contains(\"Hair Care\").click();\ncy.get(\".fixed_wrapper .prdocutname\").each(($el, $index, $list) => {\n  if ($el.text().includes(\"Curls to straight Shampoo\")) {\n    cy.wrap($el).click();\n  }\n});",
              "err": {},
              "uuid": "00278484-34c8-47cb-b848-5994487e8b94",
              "parentUUID": "1597bb40-0f23-4679-a60f-5dc9f50a8ec5",
              "isHook": false,
              "skipped": false
            }
          ],
          "suites": [],
          "passes": [
            "aac867a8-dcc2-4d10-a0fc-9343e1999f2b",
            "00278484-34c8-47cb-b848-5994487e8b94"
          ],
          "failures": [],
          "pending": [],
          "skipped": [],
          "duration": 14953,
          "root": false,
          "rootEmpty": false,
          "_timeout": 2000
        }
      ],
      "passes": [],
      "failures": [],
      "pending": [],
      "skipped": [],
      "duration": 0,
      "root": true,
      "rootEmpty": true,
      "_timeout": 2000
    },
    {
      "uuid": "7489ee7e-5464-48ed-bcbe-a90c451c5009",
      "title": "",
      "fullFile": "cypress\\e2e\\webdriver-uni\\browser-navigation.js",
      "file": "cypress\\e2e\\webdriver-uni\\browser-navigation.js",
      "beforeHooks": [],
      "afterHooks": [],
      "tests": [],
      "suites": [
        {
          "uuid": "1eb6f05c-afed-468b-804b-5d69c90a8716",
          "title": "Validate webdriveruni homepage links",
          "fullFile": "",
          "file": "",
          "beforeHooks": [],
          "afterHooks": [],
          "tests": [
            {
              "title": "Confirm links redirect to the correct pages",
              "fullTitle": "Validate webdriveruni homepage links Confirm links redirect to the correct pages",
              "timedOut": null,
              "duration": 11327,
              "state": "passed",
              "speed": "slow",
              "pass": true,
              "fail": false,
              "pending": false,
              "context": null,
              "code": "//cy.visit(\"http://www.webdriveruniversity.com/Contact-Us/contactus.html\");\ncy.visit(\"http://www.webdriveruniversity.com\");\ncy.get('#contact-us').invoke('removeAttr', 'target').click({\n  force: true\n});\ncy.url().should('include', 'contactus');\ncy.go('back');\ncy.reload();\ncy.url().should('include', 'http://www.webdriveruniversity.com/');\n//cy.reload(true) //reload without using cache\ncy.go('forward');\ncy.url().should('include', 'contactus');\ncy.go('back');\ncy.get('#login-portal').invoke('removeAttr', 'target').click({\n  force: true\n});\ncy.url().should('include', 'Login-Portal');\ncy.go('back');\ncy.get('#to-do-list').invoke('removeAttr', 'target').click({\n  force: true\n});\ncy.url().should('include', 'To-Do-List');\ncy.go('back');",
              "err": {},
              "uuid": "77120921-41bc-49e4-b1d3-bd0f1b5a23a9",
              "parentUUID": "1eb6f05c-afed-468b-804b-5d69c90a8716",
              "isHook": false,
              "skipped": false
            }
          ],
          "suites": [],
          "passes": [
            "77120921-41bc-49e4-b1d3-bd0f1b5a23a9"
          ],
          "failures": [],
          "pending": [],
          "skipped": [],
          "duration": 11327,
          "root": false,
          "rootEmpty": false,
          "_timeout": 2000
        }
      ],
      "passes": [],
      "failures": [],
      "pending": [],
      "skipped": [],
      "duration": 0,
      "root": true,
      "rootEmpty": true,
      "_timeout": 2000
    },
    {
      "uuid": "0eb772db-eab4-4ba4-ad23-4118ac3c6b69",
      "title": "",
      "fullFile": "cypress\\e2e\\webdriver-uni\\checkboxes.js",
      "file": "cypress\\e2e\\webdriver-uni\\checkboxes.js",
      "beforeHooks": [],
      "afterHooks": [],
      "tests": [],
      "suites": [
        {
          "uuid": "3cea605b-2b07-4358-a5e5-854c11aa9b22",
          "title": "these tests are for trying to work with checkboxes  ",
          "fullFile": "",
          "file": "",
          "beforeHooks": [],
          "afterHooks": [],
          "tests": [
            {
              "title": "checking one check box",
              "fullTitle": "these tests are for trying to work with checkboxes   checking one check box",
              "timedOut": null,
              "duration": 1732,
              "state": "passed",
              "speed": "fast",
              "pass": true,
              "fail": false,
              "pending": false,
              "context": null,
              "code": "cy.get(\"#checkboxes input[type='checkbox']\").first().check().should('be.checked');",
              "err": {},
              "uuid": "dff6bb7d-9750-4c66-842c-f8ae9d633d5a",
              "parentUUID": "3cea605b-2b07-4358-a5e5-854c11aa9b22",
              "isHook": false,
              "skipped": false
            },
            {
              "title": "un-checking one check box",
              "fullTitle": "these tests are for trying to work with checkboxes   un-checking one check box",
              "timedOut": null,
              "duration": 790,
              "state": "passed",
              "speed": "fast",
              "pass": true,
              "fail": false,
              "pending": false,
              "context": null,
              "code": "cy.get(\"#checkboxes input[type='checkbox']\").eq(2).uncheck().should('not.be.checked');\n;",
              "err": {},
              "uuid": "f3a2d102-c495-44b8-b5ba-c0fbb8c8c376",
              "parentUUID": "3cea605b-2b07-4358-a5e5-854c11aa9b22",
              "isHook": false,
              "skipped": false
            },
            {
              "title": "checking multiple check boxs",
              "fullTitle": "these tests are for trying to work with checkboxes   checking multiple check boxs",
              "timedOut": null,
              "duration": 899,
              "state": "passed",
              "speed": "fast",
              "pass": true,
              "fail": false,
              "pending": false,
              "context": null,
              "code": "// pass aray of check box values that you want to check or pass one value without array if you  want to check one of them\ncy.get(\"#checkboxes input[type='checkbox']\").check([\"option-1\", \"option-2\", \"option-3\", \"option-4\"]).should('be.checked');\n;",
              "err": {},
              "uuid": "06d1d949-4602-48e1-a314-1cd06b9482e6",
              "parentUUID": "3cea605b-2b07-4358-a5e5-854c11aa9b22",
              "isHook": false,
              "skipped": false
            }
          ],
          "suites": [],
          "passes": [
            "dff6bb7d-9750-4c66-842c-f8ae9d633d5a",
            "f3a2d102-c495-44b8-b5ba-c0fbb8c8c376",
            "06d1d949-4602-48e1-a314-1cd06b9482e6"
          ],
          "failures": [],
          "pending": [],
          "skipped": [],
          "duration": 3421,
          "root": false,
          "rootEmpty": false,
          "_timeout": 2000
        }
      ],
      "passes": [],
      "failures": [],
      "pending": [],
      "skipped": [],
      "duration": 0,
      "root": true,
      "rootEmpty": true,
      "_timeout": 2000
    },
    {
      "uuid": "8b02e5f1-3d5a-42a9-967e-1e5900430d70",
      "title": "",
      "fullFile": "cypress\\e2e\\webdriver-uni\\contact-us.js",
      "file": "cypress\\e2e\\webdriver-uni\\contact-us.js",
      "beforeHooks": [],
      "afterHooks": [],
      "tests": [],
      "suites": [
        {
          "uuid": "aa4d3f21-dbe5-41a8-bae1-e2a458f6a290",
          "title": "Test Contact Us page",
          "fullFile": "",
          "file": "",
          "beforeHooks": [],
          "afterHooks": [],
          "tests": [
            {
              "title": "cheack page title and charset",
              "fullTitle": "Test Contact Us page cheack page title and charset",
              "timedOut": null,
              "duration": 2816,
              "state": "passed",
              "speed": "fast",
              "pass": true,
              "fail": false,
              "pending": false,
              "context": null,
              "code": "cy.document().should(\"have.property\", \"charset\").and(\"eq\", \"UTF-8\");\ncy.title().should(\"include\", \"WebDriver | Contact Us\");\ncy.url().should(\"include\", \"Contact-Us\");",
              "err": {},
              "uuid": "0166667e-4709-4df0-8d1e-c83aee4d4169",
              "parentUUID": "aa4d3f21-dbe5-41a8-bae1-e2a458f6a290",
              "isHook": false,
              "skipped": false
            },
            {
              "title": "fill all required inputs and submit successfully",
              "fullTitle": "Test Contact Us page fill all required inputs and submit successfully",
              "timedOut": null,
              "duration": 5237,
              "state": "passed",
              "speed": "medium",
              "pass": true,
              "fail": false,
              "pending": false,
              "context": null,
              "code": "cy.get('[placeholder=\"First Name\"]').type(data.firstname);\ncy.get('[placeholder=\"Last Name\"]').type(data.lastname);\ncy.get('[placeholder=\"Email Address\"]').type(data.email);\ncy.get('[placeholder=\"Comments\"]').type(data.body);\ncy.get('[Value=\"SUBMIT\"]').click();\ncy.get(\"#contact_reply > h1\").should(\"have.text\", \"Thank You for your Message!\");",
              "err": {},
              "uuid": "a848e354-2da1-4a5a-a426-cb97c97888e4",
              "parentUUID": "aa4d3f21-dbe5-41a8-bae1-e2a458f6a290",
              "isHook": false,
              "skipped": false
            }
          ],
          "suites": [],
          "passes": [
            "0166667e-4709-4df0-8d1e-c83aee4d4169",
            "a848e354-2da1-4a5a-a426-cb97c97888e4"
          ],
          "failures": [],
          "pending": [],
          "skipped": [],
          "duration": 8053,
          "root": false,
          "rootEmpty": false,
          "_timeout": 2000
        }
      ],
      "passes": [],
      "failures": [],
      "pending": [],
      "skipped": [],
      "duration": 0,
      "root": true,
      "rootEmpty": true,
      "_timeout": 2000
    },
    {
      "uuid": "55f6e3f0-b35e-4d6d-93c8-0194441de732",
      "title": "",
      "fullFile": "cypress\\e2e\\webdriver-uni\\dropdown-list.js",
      "file": "cypress\\e2e\\webdriver-uni\\dropdown-list.js",
      "beforeHooks": [],
      "afterHooks": [],
      "tests": [],
      "suites": [
        {
          "uuid": "c37c28fb-6658-490c-8ba4-e0c3b3a3ff5a",
          "title": "Interact with dropdown lists via webdriveruni",
          "fullFile": "",
          "file": "",
          "beforeHooks": [],
          "afterHooks": [],
          "tests": [
            {
              "title": "Select specific values via select dropdown lists",
              "fullTitle": "Interact with dropdown lists via webdriveruni Select specific values via select dropdown lists",
              "timedOut": null,
              "duration": 3821,
              "state": "passed",
              "speed": "fast",
              "pass": true,
              "fail": false,
              "pending": false,
              "context": null,
              "code": "cy.visit(\"http://www.webdriveruniversity.com\");\ncy.get('#dropdown-checkboxes-radiobuttons').invoke('removeAttr', 'target').click({\n  force: true\n});\ncy.get('#dropdowm-menu-1').select('c#');\ncy.get('#dropdowm-menu-2').select('testng').should('have.value', 'testng');\ncy.get('#dropdowm-menu-3').select('JQuery').contains('JQuery');",
              "err": {},
              "uuid": "f03ba6f9-5358-4663-b790-402f44517209",
              "parentUUID": "c37c28fb-6658-490c-8ba4-e0c3b3a3ff5a",
              "isHook": false,
              "skipped": false
            }
          ],
          "suites": [],
          "passes": [
            "f03ba6f9-5358-4663-b790-402f44517209"
          ],
          "failures": [],
          "pending": [],
          "skipped": [],
          "duration": 3821,
          "root": false,
          "rootEmpty": false,
          "_timeout": 2000
        }
      ],
      "passes": [],
      "failures": [],
      "pending": [],
      "skipped": [],
      "duration": 0,
      "root": true,
      "rootEmpty": true,
      "_timeout": 2000
    },
    {
      "uuid": "2067d3b1-dc04-4729-913e-c8dad925a517",
      "title": "",
      "fullFile": "cypress\\e2e\\webdriver-uni\\file-upload.js",
      "file": "cypress\\e2e\\webdriver-uni\\file-upload.js",
      "beforeHooks": [],
      "afterHooks": [],
      "tests": [],
      "suites": [
        {
          "uuid": "ce4d56f2-616d-405b-9d93-ca0752c4ebdb",
          "title": "file for testing form that have upload file func",
          "fullFile": "",
          "file": "",
          "beforeHooks": [],
          "afterHooks": [],
          "tests": [
            {
              "title": "submit form with file",
              "fullTitle": "file for testing form that have upload file func submit form with file",
              "timedOut": null,
              "duration": 3803,
              "state": "passed",
              "speed": "fast",
              "pass": true,
              "fail": false,
              "pending": false,
              "context": null,
              "code": "cy.get(\"#myFile\").selectFile(\"cypress/fixtures/bmw.jpg\");\ncy.get(\"#submit-button\").click();\ncy.on('window:alert', str => {\n  expect(str).to.equal(\"Your file has now been uploaded!\");\n});",
              "err": {},
              "uuid": "64b59ac9-ddf8-41a3-a53f-a36168894515",
              "parentUUID": "ce4d56f2-616d-405b-9d93-ca0752c4ebdb",
              "isHook": false,
              "skipped": false
            },
            {
              "title": "submit form without file",
              "fullTitle": "file for testing form that have upload file func submit form without file",
              "timedOut": null,
              "duration": 1199,
              "state": "passed",
              "speed": "fast",
              "pass": true,
              "fail": false,
              "pending": false,
              "context": null,
              "code": "cy.get(\"#submit-button\").click();\ncy.on('window:alert', str => {\n  expect(str).to.equal(\"You need to select a file to upload!\");\n});",
              "err": {},
              "uuid": "352ac1c4-ed7d-4808-b0a0-ade5e0863f85",
              "parentUUID": "ce4d56f2-616d-405b-9d93-ca0752c4ebdb",
              "isHook": false,
              "skipped": false
            }
          ],
          "suites": [],
          "passes": [
            "64b59ac9-ddf8-41a3-a53f-a36168894515",
            "352ac1c4-ed7d-4808-b0a0-ade5e0863f85"
          ],
          "failures": [],
          "pending": [],
          "skipped": [],
          "duration": 5002,
          "root": false,
          "rootEmpty": false,
          "_timeout": 2000
        }
      ],
      "passes": [],
      "failures": [],
      "pending": [],
      "skipped": [],
      "duration": 0,
      "root": true,
      "rootEmpty": true,
      "_timeout": 2000
    },
    {
      "uuid": "fbec7d0b-53fd-449e-852b-0ac23052187c",
      "title": "",
      "fullFile": "cypress\\e2e\\webdriver-uni\\handling-tables.js",
      "file": "cypress\\e2e\\webdriver-uni\\handling-tables.js",
      "beforeHooks": [],
      "afterHooks": [],
      "tests": [],
      "suites": [
        {
          "uuid": "f5de7ae7-6b26-4dd5-b358-2becb68f1466",
          "title": "Handling data via webdriveruni",
          "fullFile": "",
          "file": "",
          "beforeHooks": [],
          "afterHooks": [],
          "tests": [
            {
              "title": "Calculate and assert the age of a given user based on last name",
              "fullTitle": "Handling data via webdriveruni Calculate and assert the age of a given user based on last name",
              "timedOut": null,
              "duration": 2277,
              "state": "passed",
              "speed": "fast",
              "pass": true,
              "fail": false,
              "pending": false,
              "context": null,
              "code": "cy.get('#thumbnail-1 tr td:nth-child(2)').each(($el, index, $list) => {\n  const text = $el.text();\n  if (text.includes(\"Woods\")) {\n    cy.wrap($el).next().then(function (age) {\n      const userAge = age.text();\n      expect(userAge).to.equal(\"80\");\n    });\n  }\n});",
              "err": {},
              "uuid": "0ce22216-3763-4955-b799-1929655aeb5b",
              "parentUUID": "f5de7ae7-6b26-4dd5-b358-2becb68f1466",
              "isHook": false,
              "skipped": false
            }
          ],
          "suites": [],
          "passes": [
            "0ce22216-3763-4955-b799-1929655aeb5b"
          ],
          "failures": [],
          "pending": [],
          "skipped": [],
          "duration": 2277,
          "root": false,
          "rootEmpty": false,
          "_timeout": 2000
        }
      ],
      "passes": [],
      "failures": [],
      "pending": [],
      "skipped": [],
      "duration": 0,
      "root": true,
      "rootEmpty": true,
      "_timeout": 2000
    },
    {
      "uuid": "0ead3b62-6064-433e-bddc-2f1e2c1c67fa",
      "title": "",
      "fullFile": "cypress\\e2e\\webdriver-uni\\iframe.js",
      "file": "cypress\\e2e\\webdriver-uni\\iframe.js",
      "beforeHooks": [],
      "afterHooks": [],
      "tests": [],
      "suites": [
        {
          "uuid": "a9081c7a-6671-4991-b4f3-602055038196",
          "title": "these tests are for trying to work with ifram  ",
          "fullFile": "",
          "file": "",
          "beforeHooks": [],
          "afterHooks": [],
          "tests": [
            {
              "title": "clicking inide iframe (+assertion)",
              "fullTitle": "these tests are for trying to work with ifram   clicking inide iframe (+assertion)",
              "timedOut": null,
              "duration": 3928,
              "state": "passed",
              "speed": "fast",
              "pass": true,
              "fail": false,
              "pending": false,
              "context": null,
              "code": "// you need to know that cypress cannot interact directly with iframes\ncy.visit(\"https://www.webdriveruniversity.com/\");\ncy.get('#iframe').invoke(\"removeAttr\", \"target\").click();\ncy.get(\"#frame\").then(i => {\n  const body = i.contents().find(\"body\");\n  cy.wrap(body).as(\"iframe\");\n});\ncy.get(\"@iframe\").find(\"#button-find-out-more\").click();\ncy.get(\"@iframe\").find(\"#myModal\").should(\"contain\", \"Welcome to webdriveruniversity.com we sell a wide range of electrical goods such as laptops, game consoles, cameras...\");",
              "err": {},
              "uuid": "e52927a9-98c5-47c3-947e-c097fa1c8e8f",
              "parentUUID": "a9081c7a-6671-4991-b4f3-602055038196",
              "isHook": false,
              "skipped": false
            }
          ],
          "suites": [],
          "passes": [
            "e52927a9-98c5-47c3-947e-c097fa1c8e8f"
          ],
          "failures": [],
          "pending": [],
          "skipped": [],
          "duration": 3928,
          "root": false,
          "rootEmpty": false,
          "_timeout": 2000
        }
      ],
      "passes": [],
      "failures": [],
      "pending": [],
      "skipped": [],
      "duration": 0,
      "root": true,
      "rootEmpty": true,
      "_timeout": 2000
    },
    {
      "uuid": "1746e193-d64a-4f8c-947c-0196f6204584",
      "title": "",
      "fullFile": "cypress\\e2e\\webdriver-uni\\js-alerts.js",
      "file": "cypress\\e2e\\webdriver-uni\\js-alerts.js",
      "beforeHooks": [],
      "afterHooks": [],
      "tests": [],
      "suites": [
        {
          "uuid": "dd2cf83a-56fe-4b4f-9a82-faca46b7ab06",
          "title": "handling alert in cypress",
          "fullFile": "",
          "file": "",
          "beforeHooks": [],
          "afterHooks": [],
          "tests": [
            {
              "title": "confirm alert is contain the correct text",
              "fullTitle": "handling alert in cypress confirm alert is contain the correct text",
              "timedOut": null,
              "duration": 2140,
              "state": "passed",
              "speed": "fast",
              "pass": true,
              "fail": false,
              "pending": false,
              "context": null,
              "code": "cy.get(\"#button1\").click();\n//notice that cypress by default press ok button\ncy.on('window:alert', str => {\n  expect(str).to.equal(\"I am an alert box!\");\n});",
              "err": {},
              "uuid": "a7b24e56-2e19-460a-8e52-1a5da3564ed7",
              "parentUUID": "dd2cf83a-56fe-4b4f-9a82-faca46b7ab06",
              "isHook": false,
              "skipped": false
            },
            {
              "title": "click cancel in alert ",
              "fullTitle": "handling alert in cypress click cancel in alert ",
              "timedOut": null,
              "duration": 654,
              "state": "passed",
              "speed": "fast",
              "pass": true,
              "fail": false,
              "pending": false,
              "context": null,
              "code": "cy.get(\"#button4\").click();\n//notice that cypress by default press ok button\n// if you want to press cancel return false here (window:confirm)\ncy.on('window:confirm', str => {\n  return false;\n});\ncy.get(\"#confirm-alert-text\").should(\"have.text\", \"You pressed Cancel!\");",
              "err": {},
              "uuid": "b1905280-6783-4a71-9d91-ece9f2e3127f",
              "parentUUID": "dd2cf83a-56fe-4b4f-9a82-faca46b7ab06",
              "isHook": false,
              "skipped": false
            }
          ],
          "suites": [],
          "passes": [
            "a7b24e56-2e19-460a-8e52-1a5da3564ed7",
            "b1905280-6783-4a71-9d91-ece9f2e3127f"
          ],
          "failures": [],
          "pending": [],
          "skipped": [],
          "duration": 2794,
          "root": false,
          "rootEmpty": false,
          "_timeout": 2000
        }
      ],
      "passes": [],
      "failures": [],
      "pending": [],
      "skipped": [],
      "duration": 0,
      "root": true,
      "rootEmpty": true,
      "_timeout": 2000
    },
    {
      "uuid": "e7559e25-0d4b-4131-85ef-2868a5179ca7",
      "title": "",
      "fullFile": "cypress\\e2e\\webdriver-uni\\mouse-actions.js",
      "file": "cypress\\e2e\\webdriver-uni\\mouse-actions.js",
      "beforeHooks": [],
      "afterHooks": [],
      "tests": [],
      "suites": [
        {
          "uuid": "bf199fd1-6ef4-429e-9876-3525b09c4f0f",
          "title": "Test mouse actions",
          "fullFile": "",
          "file": "",
          "beforeHooks": [],
          "afterHooks": [],
          "tests": [
            {
              "title": "I should be able to drag and drop a draggable item",
              "fullTitle": "Test mouse actions I should be able to drag and drop a draggable item",
              "timedOut": null,
              "duration": 1823,
              "state": "passed",
              "speed": "fast",
              "pass": true,
              "fail": false,
              "pending": false,
              "context": null,
              "code": "cy.get('#draggable').trigger('mousedown', {\n  which: 1\n});\ncy.get('#droppable').trigger('mousemove').trigger('mouseup', {\n  force: true\n});",
              "err": {},
              "uuid": "5bfae7a9-d874-45eb-a631-36efb3523601",
              "parentUUID": "bf199fd1-6ef4-429e-9876-3525b09c4f0f",
              "isHook": false,
              "skipped": false
            },
            {
              "title": "I should be able to perform a double mouse click",
              "fullTitle": "Test mouse actions I should be able to perform a double mouse click",
              "timedOut": null,
              "duration": 559,
              "state": "passed",
              "speed": "fast",
              "pass": true,
              "fail": false,
              "pending": false,
              "context": null,
              "code": "cy.get('#double-click').dblclick();",
              "err": {},
              "uuid": "9f0335ec-25d2-4657-9cb4-c6a33dce5304",
              "parentUUID": "bf199fd1-6ef4-429e-9876-3525b09c4f0f",
              "isHook": false,
              "skipped": false
            },
            {
              "title": "I should be able hold down the left mouse click button on a given element",
              "fullTitle": "Test mouse actions I should be able hold down the left mouse click button on a given element",
              "timedOut": null,
              "duration": 448,
              "state": "passed",
              "speed": "fast",
              "pass": true,
              "fail": false,
              "pending": false,
              "context": null,
              "code": "cy.get('#click-box').trigger('mousedown', {\n  which: 1\n}).then($element => {\n  expect($element).to.have.css('background-color', 'rgb(0, 255, 0)');\n});",
              "err": {},
              "uuid": "411e3b52-b860-4780-ad25-bdeac53fcb24",
              "parentUUID": "bf199fd1-6ef4-429e-9876-3525b09c4f0f",
              "isHook": false,
              "skipped": false
            }
          ],
          "suites": [],
          "passes": [
            "5bfae7a9-d874-45eb-a631-36efb3523601",
            "9f0335ec-25d2-4657-9cb4-c6a33dce5304",
            "411e3b52-b860-4780-ad25-bdeac53fcb24"
          ],
          "failures": [],
          "pending": [],
          "skipped": [],
          "duration": 2830,
          "root": false,
          "rootEmpty": false,
          "_timeout": 2000
        }
      ],
      "passes": [],
      "failures": [],
      "pending": [],
      "skipped": [],
      "duration": 0,
      "root": true,
      "rootEmpty": true,
      "_timeout": 2000
    },
    {
      "uuid": "63a5f87d-1c28-4bc7-923c-6814bc1d30d4",
      "title": "",
      "fullFile": "cypress\\e2e\\webdriver-uni\\traversing-elements.js",
      "file": "cypress\\e2e\\webdriver-uni\\traversing-elements.js",
      "beforeHooks": [],
      "afterHooks": [],
      "tests": [],
      "suites": [
        {
          "uuid": "1a1d92f1-b636-4c52-ba84-ec29b2d4b46d",
          "title": "Traversing DOM elements in Cypress",
          "fullFile": "",
          "file": "",
          "beforeHooks": [],
          "afterHooks": [],
          "tests": [
            {
              "title": "children() to get the children of DOM elements",
              "fullTitle": "Traversing DOM elements in Cypress children() to get the children of DOM elements",
              "timedOut": null,
              "duration": 2583,
              "state": "passed",
              "speed": "fast",
              "pass": true,
              "fail": false,
              "pending": false,
              "context": null,
              "code": "cy.get('.traversal-breadcrumb').children('.active').should('contain', 'Contact Us');",
              "err": {},
              "uuid": "67b64397-74bc-4961-8bf9-4e8bb373fe50",
              "parentUUID": "1a1d92f1-b636-4c52-ba84-ec29b2d4b46d",
              "isHook": false,
              "skipped": false
            },
            {
              "title": "closest() to validate the closest ancestor DOM element",
              "fullTitle": "Traversing DOM elements in Cypress closest() to validate the closest ancestor DOM element",
              "timedOut": null,
              "duration": 837,
              "state": "passed",
              "speed": "fast",
              "pass": true,
              "fail": false,
              "pending": false,
              "context": null,
              "code": "cy.get('.traversal-badge').closest('ul').should('have.class', 'list-group');",
              "err": {},
              "uuid": "c93c91e9-6959-4190-b782-568ed68ac954",
              "parentUUID": "1a1d92f1-b636-4c52-ba84-ec29b2d4b46d",
              "isHook": false,
              "skipped": false
            },
            {
              "title": "eq() to retrieve a specific element based on index",
              "fullTitle": "Traversing DOM elements in Cypress eq() to retrieve a specific element based on index",
              "timedOut": null,
              "duration": 841,
              "state": "passed",
              "speed": "fast",
              "pass": true,
              "fail": false,
              "pending": false,
              "context": null,
              "code": "cy.get('.traversal-drinks-list > *').eq(2).should('contain', 'Milk');",
              "err": {},
              "uuid": "6b617a7c-6732-463c-95ca-2bba0945b47a",
              "parentUUID": "1a1d92f1-b636-4c52-ba84-ec29b2d4b46d",
              "isHook": false,
              "skipped": false
            },
            {
              "title": "filter() to retrieve DOM elements that match a specific selector",
              "fullTitle": "Traversing DOM elements in Cypress filter() to retrieve DOM elements that match a specific selector",
              "timedOut": null,
              "duration": 653,
              "state": "passed",
              "speed": "fast",
              "pass": true,
              "fail": false,
              "pending": false,
              "context": null,
              "code": "cy.get('.btn-group-toggle > *').filter('.active').should('contain', 'Button-1');",
              "err": {},
              "uuid": "b47d7384-d231-4d21-9836-c10456240aeb",
              "parentUUID": "1a1d92f1-b636-4c52-ba84-ec29b2d4b46d",
              "isHook": false,
              "skipped": false
            },
            {
              "title": "find() to retrieve DOM elements of a given selector",
              "fullTitle": "Traversing DOM elements in Cypress find() to retrieve DOM elements of a given selector",
              "timedOut": null,
              "duration": 672,
              "state": "passed",
              "speed": "fast",
              "pass": true,
              "fail": false,
              "pending": false,
              "context": null,
              "code": "cy.get('.traversal-pagination').find('li').find('a').should('have.length', 7);",
              "err": {},
              "uuid": "b4e5846a-017d-453c-b087-5febdec8d248",
              "parentUUID": "1a1d92f1-b636-4c52-ba84-ec29b2d4b46d",
              "isHook": false,
              "skipped": false
            },
            {
              "title": "first() to retrieve the first DOM element within elements ",
              "fullTitle": "Traversing DOM elements in Cypress first() to retrieve the first DOM element within elements ",
              "timedOut": null,
              "duration": 872,
              "state": "passed",
              "speed": "fast",
              "pass": true,
              "fail": false,
              "pending": false,
              "context": null,
              "code": "cy.get('.traversal-table > tbody > tr > td').first().should('contain', 'Andy');",
              "err": {},
              "uuid": "acbe5304-2b25-432f-9138-f875b07c58c8",
              "parentUUID": "1a1d92f1-b636-4c52-ba84-ec29b2d4b46d",
              "isHook": false,
              "skipped": false
            },
            {
              "title": "last() to retrieve the last DOM element within elements",
              "fullTitle": "Traversing DOM elements in Cypress last() to retrieve the last DOM element within elements",
              "timedOut": null,
              "duration": 591,
              "state": "passed",
              "speed": "fast",
              "pass": true,
              "fail": false,
              "pending": false,
              "context": null,
              "code": "cy.get('.traversal-table > tbody > tr > td').last().should('contain', 'Scott');",
              "err": {},
              "uuid": "3e57dd52-38b5-4edc-806d-c6b8b014ece8",
              "parentUUID": "1a1d92f1-b636-4c52-ba84-ec29b2d4b46d",
              "isHook": false,
              "skipped": false
            },
            {
              "title": "nextAll() to get all of the next sibling DOM elements within elements",
              "fullTitle": "Traversing DOM elements in Cypress nextAll() to get all of the next sibling DOM elements within elements",
              "timedOut": null,
              "duration": 757,
              "state": "passed",
              "speed": "fast",
              "pass": true,
              "fail": false,
              "pending": false,
              "context": null,
              "code": "cy.get('.traversal-drinks-list').contains('Tea').nextAll().should('have.length', '3');",
              "err": {},
              "uuid": "b83178d5-ba35-48ed-a4cb-d8963bd8b99d",
              "parentUUID": "1a1d92f1-b636-4c52-ba84-ec29b2d4b46d",
              "isHook": false,
              "skipped": false
            },
            {
              "title": "nextUntil() to get all of the next sibling DOM elements within elements until another element",
              "fullTitle": "Traversing DOM elements in Cypress nextUntil() to get all of the next sibling DOM elements within elements until another element",
              "timedOut": null,
              "duration": 840,
              "state": "passed",
              "speed": "fast",
              "pass": true,
              "fail": false,
              "pending": false,
              "context": null,
              "code": "cy.get('#coffee').nextUntil('#milk');",
              "err": {},
              "uuid": "d19981b6-27d0-48ba-a3e9-9be60fe72a57",
              "parentUUID": "1a1d92f1-b636-4c52-ba84-ec29b2d4b46d",
              "isHook": false,
              "skipped": false
            },
            {
              "title": "not() to remove DOM element(s) from the set of elements",
              "fullTitle": "Traversing DOM elements in Cypress not() to remove DOM element(s) from the set of elements",
              "timedOut": null,
              "duration": 576,
              "state": "passed",
              "speed": "fast",
              "pass": true,
              "fail": false,
              "pending": false,
              "context": null,
              "code": "cy.get('.traversal-button-states > button').not('.disabled').should('not.have.class', 'disabled');",
              "err": {},
              "uuid": "74f4a939-fca2-4f94-97b8-d7479bc616ea",
              "parentUUID": "1a1d92f1-b636-4c52-ba84-ec29b2d4b46d",
              "isHook": false,
              "skipped": false
            },
            {
              "title": "parent() To get parent DOM element of elements",
              "fullTitle": "Traversing DOM elements in Cypress parent() To get parent DOM element of elements",
              "timedOut": null,
              "duration": 979,
              "state": "passed",
              "speed": "fast",
              "pass": true,
              "fail": false,
              "pending": false,
              "context": null,
              "code": "cy.get('.traversal-mark').parent().should('contain', 'Lorem ipsum dolor sit amet');",
              "err": {},
              "uuid": "5562694b-0d36-4c85-bab7-a40ed94ad0ca",
              "parentUUID": "1a1d92f1-b636-4c52-ba84-ec29b2d4b46d",
              "isHook": false,
              "skipped": false
            },
            {
              "title": "parents() to get parents DOM element of elements",
              "fullTitle": "Traversing DOM elements in Cypress parents() to get parents DOM element of elements",
              "timedOut": null,
              "duration": 1012,
              "state": "passed",
              "speed": "fast",
              "pass": true,
              "fail": false,
              "pending": false,
              "context": null,
              "code": "cy.get('.traversal-cite').parents().should('match', 'blockquote');",
              "err": {},
              "uuid": "813133db-5276-4f1e-8b6d-fe1183634132",
              "parentUUID": "1a1d92f1-b636-4c52-ba84-ec29b2d4b46d",
              "isHook": false,
              "skipped": false
            },
            {
              "title": "prev() to get the previous sibling DOM element within elements",
              "fullTitle": "Traversing DOM elements in Cypress prev() to get the previous sibling DOM element within elements",
              "timedOut": null,
              "duration": 600,
              "state": "passed",
              "speed": "fast",
              "pass": true,
              "fail": false,
              "pending": false,
              "context": null,
              "code": "cy.get('#sugar').prev().contains('Espresso');",
              "err": {},
              "uuid": "ed8c1a0d-9139-4298-be73-89b6ea7b754d",
              "parentUUID": "1a1d92f1-b636-4c52-ba84-ec29b2d4b46d",
              "isHook": false,
              "skipped": false
            },
            {
              "title": "prevAll() to get all previous sibling DOM elements within elements",
              "fullTitle": "Traversing DOM elements in Cypress prevAll() to get all previous sibling DOM elements within elements",
              "timedOut": null,
              "duration": 873,
              "state": "passed",
              "speed": "fast",
              "pass": true,
              "fail": false,
              "pending": false,
              "context": null,
              "code": "cy.get('.sales').prevAll().should('have.length', 2);",
              "err": {},
              "uuid": "2cb94b62-07cd-4885-abeb-b50a0bfa1faa",
              "parentUUID": "1a1d92f1-b636-4c52-ba84-ec29b2d4b46d",
              "isHook": false,
              "skipped": false
            },
            {
              "title": "prevUntil() to get all previous sibling DOM elements within elements until other element",
              "fullTitle": "Traversing DOM elements in Cypress prevUntil() to get all previous sibling DOM elements within elements until other element",
              "timedOut": null,
              "duration": 1193,
              "state": "passed",
              "speed": "fast",
              "pass": true,
              "fail": false,
              "pending": false,
              "context": null,
              "code": "cy.get('#veggie').prevUntil('#fruits').should('have.length', 5);",
              "err": {},
              "uuid": "0c711cfa-3dd7-466a-a725-884b1db75c60",
              "parentUUID": "1a1d92f1-b636-4c52-ba84-ec29b2d4b46d",
              "isHook": false,
              "skipped": false
            },
            {
              "title": "siblings() To get all sibling DOM elements of elements",
              "fullTitle": "Traversing DOM elements in Cypress siblings() To get all sibling DOM elements of elements",
              "timedOut": null,
              "duration": 1082,
              "state": "passed",
              "speed": "fast",
              "pass": true,
              "fail": false,
              "pending": false,
              "context": null,
              "code": "cy.get('.traversal-button-other-states .active').siblings().should('have.length', 3);",
              "err": {},
              "uuid": "b0361584-d710-4a7d-9230-c58702c260c6",
              "parentUUID": "1a1d92f1-b636-4c52-ba84-ec29b2d4b46d",
              "isHook": false,
              "skipped": false
            }
          ],
          "suites": [],
          "passes": [
            "67b64397-74bc-4961-8bf9-4e8bb373fe50",
            "c93c91e9-6959-4190-b782-568ed68ac954",
            "6b617a7c-6732-463c-95ca-2bba0945b47a",
            "b47d7384-d231-4d21-9836-c10456240aeb",
            "b4e5846a-017d-453c-b087-5febdec8d248",
            "acbe5304-2b25-432f-9138-f875b07c58c8",
            "3e57dd52-38b5-4edc-806d-c6b8b014ece8",
            "b83178d5-ba35-48ed-a4cb-d8963bd8b99d",
            "d19981b6-27d0-48ba-a3e9-9be60fe72a57",
            "74f4a939-fca2-4f94-97b8-d7479bc616ea",
            "5562694b-0d36-4c85-bab7-a40ed94ad0ca",
            "813133db-5276-4f1e-8b6d-fe1183634132",
            "ed8c1a0d-9139-4298-be73-89b6ea7b754d",
            "2cb94b62-07cd-4885-abeb-b50a0bfa1faa",
            "0c711cfa-3dd7-466a-a725-884b1db75c60",
            "b0361584-d710-4a7d-9230-c58702c260c6"
          ],
          "failures": [],
          "pending": [],
          "skipped": [],
          "duration": 14961,
          "root": false,
          "rootEmpty": false,
          "_timeout": 2000
        }
      ],
      "passes": [],
      "failures": [],
      "pending": [],
      "skipped": [],
      "duration": 0,
      "root": true,
      "rootEmpty": true,
      "_timeout": 2000
    },
    {
      "uuid": "64559383-7c00-41a5-bc0f-9f9679a8eaf5",
      "title": "",
      "fullFile": "cypress\\e2e\\automation-test-store\\adding-items-to-cart.js",
      "file": "cypress\\e2e\\automation-test-store\\adding-items-to-cart.js",
      "beforeHooks": [],
      "afterHooks": [],
      "tests": [],
      "suites": [
        {
          "uuid": "86b97c6d-9c18-4fce-8482-21b4ee7c8df4",
          "title": "add item to cart or basket",
          "fullFile": "",
          "file": "",
          "beforeHooks": [],
          "afterHooks": [],
          "tests": [
            {
              "title": "add multiple items to basket",
              "fullTitle": "add item to cart or basket add multiple items to basket",
              "timedOut": null,
              "duration": 20458,
              "state": "passed",
              "speed": "slow",
              "pass": true,
              "fail": false,
              "pending": false,
              "context": null,
              "code": "data.forEach(product => {\n  cy.addToCart(product);\n});\ncy.get(\".label.label-orange.font14\").contains(3).should(\"have.text\", \"3\");",
              "err": {},
              "uuid": "bc92dc6a-ee34-4bc5-8530-c6852c99d0a0",
              "parentUUID": "86b97c6d-9c18-4fce-8482-21b4ee7c8df4",
              "isHook": false,
              "skipped": false
            }
          ],
          "suites": [],
          "passes": [
            "bc92dc6a-ee34-4bc5-8530-c6852c99d0a0"
          ],
          "failures": [],
          "pending": [],
          "skipped": [],
          "duration": 20458,
          "root": false,
          "rootEmpty": false,
          "_timeout": 2000
        }
      ],
      "passes": [],
      "failures": [],
      "pending": [],
      "skipped": [],
      "duration": 0,
      "root": true,
      "rootEmpty": true,
      "_timeout": 2000
    }
  ],
  "meta": {
    "mocha": {
      "version": "7.0.1"
    },
    "mochawesome": {
      "options": {
        "quiet": false,
        "reportFilename": "mochawesome",
        "saveHtml": false,
        "saveJson": true,
        "consoleReporter": "spec",
        "useInlineDiffs": false,
        "code": true
      },
      "version": "7.1.3"
    },
    "marge": {
      "options": {
        "id": "default",
        "reportDir": "cypress/results/mochawesome",
        "quite": true,
        "overwrite": false,
        "html": false,
        "json": true
      },
      "version": "6.2.0"
    }
  }
}