{
  "stats": {
    "suites": 1,
    "tests": 1,
    "passes": 1,
    "pending": 0,
    "failures": 0,
    "start": "2023-11-01T09:09:34.177Z",
    "end": "2023-11-01T09:09:54.797Z",
    "duration": 20620,
    "testsRegistered": 1,
    "passPercent": 100,
    "pendingPercent": 0,
    "other": 0,
    "hasOther": false,
    "skipped": 0,
    "hasSkipped": false
  },
  "results": [
    {
      "uuid": "01cbb4ab-9179-4e66-94cf-84322b0b2c02",
      "title": "",
      "fullFile": "cypress\\e2e\\automation-test-store\\adding-items-to-cart.js",
      "file": "cypress\\e2e\\automation-test-store\\adding-items-to-cart.js",
      "beforeHooks": [],
      "afterHooks": [],
      "tests": [],
      "suites": [
        {
          "uuid": "c763d8d3-d4b6-43af-9cce-fd8084e8a29a",
          "title": "add item to cart or basket",
          "fullFile": "",
          "file": "",
          "beforeHooks": [],
          "afterHooks": [],
          "tests": [
            {
              "title": "add multiple items to basket",
              "fullTitle": "add item to cart or basket add multiple items to basket",
              "timedOut": null,
              "duration": 13027,
              "state": "passed",
              "speed": "slow",
              "pass": true,
              "fail": false,
              "pending": false,
              "context": null,
              "code": "data.forEach(product => {\n  cy.addToCart(product);\n});\ncy.get(\".label.label-orange.font14\").contains(3).should(\"have.text\", \"3\");",
              "err": {},
              "uuid": "0e1cfb0a-d861-4ca4-8c38-f17b30d6ba77",
              "parentUUID": "c763d8d3-d4b6-43af-9cce-fd8084e8a29a",
              "isHook": false,
              "skipped": false
            }
          ],
          "suites": [],
          "passes": [
            "0e1cfb0a-d861-4ca4-8c38-f17b30d6ba77"
          ],
          "failures": [],
          "pending": [],
          "skipped": [],
          "duration": 13027,
          "root": false,
          "rootEmpty": false,
          "_timeout": 2000
        }
      ],
      "passes": [],
      "failures": [],
      "pending": [],
      "skipped": [],
      "duration": 0,
      "root": true,
      "rootEmpty": true,
      "_timeout": 2000
    }
  ],
  "meta": {
    "mocha": {
      "version": "7.0.1"
    },
    "mochawesome": {
      "options": {
        "quiet": false,
        "reportFilename": "mochawesome",
        "saveHtml": false,
        "saveJson": true,
        "consoleReporter": "spec",
        "useInlineDiffs": false,
        "code": true
      },
      "version": "7.1.3"
    },
    "marge": {
      "options": {
        "id": "default",
        "reportDir": "cypress/results/mochawesome",
        "quite": true,
        "overwrite": false,
        "html": false,
        "json": true
      },
      "version": "6.2.0"
    }
  }
}