{
  "stats": {
    "suites": 1,
    "tests": 1,
    "passes": 1,
    "pending": 0,
    "failures": 0,
    "start": "2023-11-01T09:12:17.614Z",
    "end": "2023-11-01T09:12:24.812Z",
    "duration": 7198,
    "testsRegistered": 1,
    "passPercent": 100,
    "pendingPercent": 0,
    "other": 0,
    "hasOther": false,
    "skipped": 0,
    "hasSkipped": false
  },
  "results": [
    {
      "uuid": "fbec7d0b-53fd-449e-852b-0ac23052187c",
      "title": "",
      "fullFile": "cypress\\e2e\\webdriver-uni\\handling-tables.js",
      "file": "cypress\\e2e\\webdriver-uni\\handling-tables.js",
      "beforeHooks": [],
      "afterHooks": [],
      "tests": [],
      "suites": [
        {
          "uuid": "f5de7ae7-6b26-4dd5-b358-2becb68f1466",
          "title": "Handling data via webdriveruni",
          "fullFile": "",
          "file": "",
          "beforeHooks": [],
          "afterHooks": [],
          "tests": [
            {
              "title": "Calculate and assert the age of a given user based on last name",
              "fullTitle": "Handling data via webdriveruni Calculate and assert the age of a given user based on last name",
              "timedOut": null,
              "duration": 2277,
              "state": "passed",
              "speed": "fast",
              "pass": true,
              "fail": false,
              "pending": false,
              "context": null,
              "code": "cy.get('#thumbnail-1 tr td:nth-child(2)').each(($el, index, $list) => {\n  const text = $el.text();\n  if (text.includes(\"Woods\")) {\n    cy.wrap($el).next().then(function (age) {\n      const userAge = age.text();\n      expect(userAge).to.equal(\"80\");\n    });\n  }\n});",
              "err": {},
              "uuid": "0ce22216-3763-4955-b799-1929655aeb5b",
              "parentUUID": "f5de7ae7-6b26-4dd5-b358-2becb68f1466",
              "isHook": false,
              "skipped": false
            }
          ],
          "suites": [],
          "passes": [
            "0ce22216-3763-4955-b799-1929655aeb5b"
          ],
          "failures": [],
          "pending": [],
          "skipped": [],
          "duration": 2277,
          "root": false,
          "rootEmpty": false,
          "_timeout": 2000
        }
      ],
      "passes": [],
      "failures": [],
      "pending": [],
      "skipped": [],
      "duration": 0,
      "root": true,
      "rootEmpty": true,
      "_timeout": 2000
    }
  ],
  "meta": {
    "mocha": {
      "version": "7.0.1"
    },
    "mochawesome": {
      "options": {
        "quiet": false,
        "reportFilename": "mochawesome",
        "saveHtml": false,
        "saveJson": true,
        "consoleReporter": "spec",
        "useInlineDiffs": false,
        "code": true
      },
      "version": "7.1.3"
    },
    "marge": {
      "options": {
        "id": "default",
        "reportDir": "cypress/results/mochawesome",
        "quite": true,
        "overwrite": false,
        "html": false,
        "json": true
      },
      "version": "6.2.0"
    }
  }
}