{
  "stats": {
    "suites": 1,
    "tests": 2,
    "passes": 2,
    "pending": 0,
    "failures": 0,
    "start": "2023-11-01T09:11:32.782Z",
    "end": "2023-11-01T09:11:45.480Z",
    "duration": 12698,
    "testsRegistered": 2,
    "passPercent": 100,
    "pendingPercent": 0,
    "other": 0,
    "hasOther": false,
    "skipped": 0,
    "hasSkipped": false
  },
  "results": [
    {
      "uuid": "8b02e5f1-3d5a-42a9-967e-1e5900430d70",
      "title": "",
      "fullFile": "cypress\\e2e\\webdriver-uni\\contact-us.js",
      "file": "cypress\\e2e\\webdriver-uni\\contact-us.js",
      "beforeHooks": [],
      "afterHooks": [],
      "tests": [],
      "suites": [
        {
          "uuid": "aa4d3f21-dbe5-41a8-bae1-e2a458f6a290",
          "title": "Test Contact Us page",
          "fullFile": "",
          "file": "",
          "beforeHooks": [],
          "afterHooks": [],
          "tests": [
            {
              "title": "cheack page title and charset",
              "fullTitle": "Test Contact Us page cheack page title and charset",
              "timedOut": null,
              "duration": 2816,
              "state": "passed",
              "speed": "fast",
              "pass": true,
              "fail": false,
              "pending": false,
              "context": null,
              "code": "cy.document().should(\"have.property\", \"charset\").and(\"eq\", \"UTF-8\");\ncy.title().should(\"include\", \"WebDriver | Contact Us\");\ncy.url().should(\"include\", \"Contact-Us\");",
              "err": {},
              "uuid": "0166667e-4709-4df0-8d1e-c83aee4d4169",
              "parentUUID": "aa4d3f21-dbe5-41a8-bae1-e2a458f6a290",
              "isHook": false,
              "skipped": false
            },
            {
              "title": "fill all required inputs and submit successfully",
              "fullTitle": "Test Contact Us page fill all required inputs and submit successfully",
              "timedOut": null,
              "duration": 5237,
              "state": "passed",
              "speed": "medium",
              "pass": true,
              "fail": false,
              "pending": false,
              "context": null,
              "code": "cy.get('[placeholder=\"First Name\"]').type(data.firstname);\ncy.get('[placeholder=\"Last Name\"]').type(data.lastname);\ncy.get('[placeholder=\"Email Address\"]').type(data.email);\ncy.get('[placeholder=\"Comments\"]').type(data.body);\ncy.get('[Value=\"SUBMIT\"]').click();\ncy.get(\"#contact_reply > h1\").should(\"have.text\", \"Thank You for your Message!\");",
              "err": {},
              "uuid": "a848e354-2da1-4a5a-a426-cb97c97888e4",
              "parentUUID": "aa4d3f21-dbe5-41a8-bae1-e2a458f6a290",
              "isHook": false,
              "skipped": false
            }
          ],
          "suites": [],
          "passes": [
            "0166667e-4709-4df0-8d1e-c83aee4d4169",
            "a848e354-2da1-4a5a-a426-cb97c97888e4"
          ],
          "failures": [],
          "pending": [],
          "skipped": [],
          "duration": 8053,
          "root": false,
          "rootEmpty": false,
          "_timeout": 2000
        }
      ],
      "passes": [],
      "failures": [],
      "pending": [],
      "skipped": [],
      "duration": 0,
      "root": true,
      "rootEmpty": true,
      "_timeout": 2000
    }
  ],
  "meta": {
    "mocha": {
      "version": "7.0.1"
    },
    "mochawesome": {
      "options": {
        "quiet": false,
        "reportFilename": "mochawesome",
        "saveHtml": false,
        "saveJson": true,
        "consoleReporter": "spec",
        "useInlineDiffs": false,
        "code": true
      },
      "version": "7.1.3"
    },
    "marge": {
      "options": {
        "id": "default",
        "reportDir": "cypress/results/mochawesome",
        "quite": true,
        "overwrite": false,
        "html": false,
        "json": true
      },
      "version": "6.2.0"
    }
  }
}