{
  "stats": {
    "suites": 1,
    "tests": 2,
    "passes": 2,
    "pending": 0,
    "failures": 0,
    "start": "2023-11-01T08:26:34.575Z",
    "end": "2023-11-01T08:26:58.778Z",
    "duration": 24203,
    "testsRegistered": 2,
    "passPercent": 100,
    "pendingPercent": 0,
    "other": 0,
    "hasOther": false,
    "skipped": 0,
    "hasSkipped": false
  },
  "results": [
    {
      "uuid": "16d78a84-6a0d-49f6-8180-b7cd6e885397",
      "title": "",
      "fullFile": "cypress\\e2e\\automation-test-store\\iteration.js",
      "file": "cypress\\e2e\\automation-test-store\\iteration.js",
      "beforeHooks": [],
      "afterHooks": [],
      "tests": [],
      "suites": [
        {
          "uuid": "e3fa9342-8c1d-4cf4-8393-8b16c2268830",
          "title": "itreate on items",
          "fullFile": "",
          "file": "",
          "beforeHooks": [],
          "afterHooks": [],
          "tests": [
            {
              "title": "log information about all haircare products",
              "fullTitle": "itreate on items log information about all haircare products",
              "timedOut": null,
              "duration": 10902,
              "state": "passed",
              "speed": "slow",
              "pass": true,
              "fail": false,
              "pending": false,
              "context": null,
              "code": "cy.visit(\"https://www.automationteststore.com/\");\ncy.get(\".categorymenu a[href*='category&path=']\").contains(\"Hair Care\").click();\ncy.get(\".fixed_wrapper .prdocutname\").each(($el, $index, $list) => {\n  cy.log(\"index : \" + $index + \" | \" + $el.text());\n});",
              "err": {},
              "uuid": "ef012f36-473c-4e6b-95e4-038e1c737b52",
              "parentUUID": "e3fa9342-8c1d-4cf4-8393-8b16c2268830",
              "isHook": false,
              "skipped": false
            },
            {
              "title": "add specific product to the cart",
              "fullTitle": "itreate on items add specific product to the cart",
              "timedOut": null,
              "duration": 10155,
              "state": "passed",
              "speed": "slow",
              "pass": true,
              "fail": false,
              "pending": false,
              "context": null,
              "code": "cy.visit(\"https://www.automationteststore.com/\");\ncy.get(\".categorymenu a[href*='category&path=']\").contains(\"Hair Care\").click();\ncy.get(\".fixed_wrapper .prdocutname\").each(($el, $index, $list) => {\n  if ($el.text().includes(\"Curls to straight Shampoo\")) {\n    cy.wrap($el).click();\n  }\n});",
              "err": {},
              "uuid": "f9d0641a-fe6b-4463-9541-2538ebc6b984",
              "parentUUID": "e3fa9342-8c1d-4cf4-8393-8b16c2268830",
              "isHook": false,
              "skipped": false
            }
          ],
          "suites": [],
          "passes": [
            "ef012f36-473c-4e6b-95e4-038e1c737b52",
            "f9d0641a-fe6b-4463-9541-2538ebc6b984"
          ],
          "failures": [],
          "pending": [],
          "skipped": [],
          "duration": 21057,
          "root": false,
          "rootEmpty": false,
          "_timeout": 2000
        }
      ],
      "passes": [],
      "failures": [],
      "pending": [],
      "skipped": [],
      "duration": 0,
      "root": true,
      "rootEmpty": true,
      "_timeout": 2000
    }
  ],
  "meta": {
    "mocha": {
      "version": "7.0.1"
    },
    "mochawesome": {
      "options": {
        "quiet": false,
        "reportFilename": "mochawesome",
        "saveHtml": false,
        "saveJson": true,
        "consoleReporter": "spec",
        "useInlineDiffs": false,
        "code": true
      },
      "version": "7.1.3"
    },
    "marge": {
      "options": {
        "id": "default",
        "reportDir": "cypress/results/mochawesome",
        "quite": true,
        "overwrite": false,
        "html": false,
        "json": true
      },
      "version": "6.2.0"
    }
  }
}