{
  "stats": {
    "suites": 1,
    "tests": 1,
    "passes": 1,
    "pending": 0,
    "failures": 0,
    "start": "2023-11-01T08:25:31.647Z",
    "end": "2023-11-01T08:25:59.817Z",
    "duration": 28170,
    "testsRegistered": 1,
    "passPercent": 100,
    "pendingPercent": 0,
    "other": 0,
    "hasOther": false,
    "skipped": 0,
    "hasSkipped": false
  },
  "results": [
    {
      "uuid": "64559383-7c00-41a5-bc0f-9f9679a8eaf5",
      "title": "",
      "fullFile": "cypress\\e2e\\automation-test-store\\adding-items-to-cart.js",
      "file": "cypress\\e2e\\automation-test-store\\adding-items-to-cart.js",
      "beforeHooks": [],
      "afterHooks": [],
      "tests": [],
      "suites": [
        {
          "uuid": "86b97c6d-9c18-4fce-8482-21b4ee7c8df4",
          "title": "add item to cart or basket",
          "fullFile": "",
          "file": "",
          "beforeHooks": [],
          "afterHooks": [],
          "tests": [
            {
              "title": "add multiple items to basket",
              "fullTitle": "add item to cart or basket add multiple items to basket",
              "timedOut": null,
              "duration": 20458,
              "state": "passed",
              "speed": "slow",
              "pass": true,
              "fail": false,
              "pending": false,
              "context": null,
              "code": "data.forEach(product => {\n  cy.addToCart(product);\n});\ncy.get(\".label.label-orange.font14\").contains(3).should(\"have.text\", \"3\");",
              "err": {},
              "uuid": "bc92dc6a-ee34-4bc5-8530-c6852c99d0a0",
              "parentUUID": "86b97c6d-9c18-4fce-8482-21b4ee7c8df4",
              "isHook": false,
              "skipped": false
            }
          ],
          "suites": [],
          "passes": [
            "bc92dc6a-ee34-4bc5-8530-c6852c99d0a0"
          ],
          "failures": [],
          "pending": [],
          "skipped": [],
          "duration": 20458,
          "root": false,
          "rootEmpty": false,
          "_timeout": 2000
        }
      ],
      "passes": [],
      "failures": [],
      "pending": [],
      "skipped": [],
      "duration": 0,
      "root": true,
      "rootEmpty": true,
      "_timeout": 2000
    }
  ],
  "meta": {
    "mocha": {
      "version": "7.0.1"
    },
    "mochawesome": {
      "options": {
        "quiet": false,
        "reportFilename": "mochawesome",
        "saveHtml": false,
        "saveJson": true,
        "consoleReporter": "spec",
        "useInlineDiffs": false,
        "code": true
      },
      "version": "7.1.3"
    },
    "marge": {
      "options": {
        "id": "default",
        "reportDir": "cypress/results/mochawesome",
        "quite": true,
        "overwrite": false,
        "html": false,
        "json": true
      },
      "version": "6.2.0"
    }
  }
}