{
  "stats": {
    "suites": 1,
    "tests": 2,
    "passes": 2,
    "pending": 0,
    "failures": 0,
    "start": "2023-11-01T08:28:15.368Z",
    "end": "2023-11-01T08:28:32.720Z",
    "duration": 17352,
    "testsRegistered": 2,
    "passPercent": 100,
    "pendingPercent": 0,
    "other": 0,
    "hasOther": false,
    "skipped": 0,
    "hasSkipped": false
  },
  "results": [
    {
      "uuid": "80ae8249-4590-4780-a568-3cbceb387025",
      "title": "",
      "fullFile": "cypress\\e2e\\webdriver-uni\\file-upload.js",
      "file": "cypress\\e2e\\webdriver-uni\\file-upload.js",
      "beforeHooks": [],
      "afterHooks": [],
      "tests": [],
      "suites": [
        {
          "uuid": "71f3aa48-0779-499c-a907-7342eff7d31c",
          "title": "file for testing form that have upload file func",
          "fullFile": "",
          "file": "",
          "beforeHooks": [],
          "afterHooks": [],
          "tests": [
            {
              "title": "submit form with file",
              "fullTitle": "file for testing form that have upload file func submit form with file",
              "timedOut": null,
              "duration": 9654,
              "state": "passed",
              "speed": "medium",
              "pass": true,
              "fail": false,
              "pending": false,
              "context": null,
              "code": "cy.get(\"#myFile\").selectFile(\"cypress/fixtures/bmw.jpg\");\ncy.get(\"#submit-button\").click();\ncy.on('window:alert', str => {\n  expect(str).to.equal(\"Your file has now been uploaded!\");\n});",
              "err": {},
              "uuid": "686cab9a-0037-401a-903a-0a75ed2a27e1",
              "parentUUID": "71f3aa48-0779-499c-a907-7342eff7d31c",
              "isHook": false,
              "skipped": false
            },
            {
              "title": "submit form without file",
              "fullTitle": "file for testing form that have upload file func submit form without file",
              "timedOut": null,
              "duration": 3051,
              "state": "passed",
              "speed": "fast",
              "pass": true,
              "fail": false,
              "pending": false,
              "context": null,
              "code": "cy.get(\"#submit-button\").click();\ncy.on('window:alert', str => {\n  expect(str).to.equal(\"You need to select a file to upload!\");\n});",
              "err": {},
              "uuid": "554d19cd-a1e2-469a-b542-bbbbd1d18d72",
              "parentUUID": "71f3aa48-0779-499c-a907-7342eff7d31c",
              "isHook": false,
              "skipped": false
            }
          ],
          "suites": [],
          "passes": [
            "686cab9a-0037-401a-903a-0a75ed2a27e1",
            "554d19cd-a1e2-469a-b542-bbbbd1d18d72"
          ],
          "failures": [],
          "pending": [],
          "skipped": [],
          "duration": 12705,
          "root": false,
          "rootEmpty": false,
          "_timeout": 2000
        }
      ],
      "passes": [],
      "failures": [],
      "pending": [],
      "skipped": [],
      "duration": 0,
      "root": true,
      "rootEmpty": true,
      "_timeout": 2000
    }
  ],
  "meta": {
    "mocha": {
      "version": "7.0.1"
    },
    "mochawesome": {
      "options": {
        "quiet": false,
        "reportFilename": "mochawesome",
        "saveHtml": false,
        "saveJson": true,
        "consoleReporter": "spec",
        "useInlineDiffs": false,
        "code": true
      },
      "version": "7.1.3"
    },
    "marge": {
      "options": {
        "id": "default",
        "reportDir": "cypress/results/mochawesome",
        "quite": true,
        "overwrite": false,
        "html": false,
        "json": true
      },
      "version": "6.2.0"
    }
  }
}