{
  "stats": {
    "suites": 1,
    "tests": 1,
    "passes": 1,
    "pending": 0,
    "failures": 0,
    "start": "2023-11-01T08:26:20.116Z",
    "end": "2023-11-01T08:26:32.198Z",
    "duration": 12082,
    "testsRegistered": 1,
    "passPercent": 100,
    "pendingPercent": 0,
    "other": 0,
    "hasOther": false,
    "skipped": 0,
    "hasSkipped": false
  },
  "results": [
    {
      "uuid": "489a87f1-b78a-471e-b5e0-7b6bb80f55c2",
      "title": "",
      "fullFile": "cypress\\e2e\\automation-test-store\\contact-us.js",
      "file": "cypress\\e2e\\automation-test-store\\contact-us.js",
      "beforeHooks": [],
      "afterHooks": [],
      "tests": [],
      "suites": [
        {
          "uuid": "b769e510-e3b9-42bd-b53d-30b6f940ad31",
          "title": "Test Contact Us page",
          "fullFile": "",
          "file": "",
          "beforeHooks": [],
          "afterHooks": [],
          "tests": [
            {
              "title": "fill all required inputs and submit successfully",
              "fullTitle": "Test Contact Us page fill all required inputs and submit successfully",
              "timedOut": null,
              "duration": 9488,
              "state": "passed",
              "speed": "medium",
              "pass": true,
              "fail": false,
              "pending": false,
              "context": null,
              "code": "myContactsUsPage.send(\"ibaa\", \"example@test.com\", \"hello world !\", \"Your enquiry has been successfully sent to the store owner!\");",
              "err": {},
              "uuid": "d1845ce8-331a-45bf-bd38-1cfc3776721b",
              "parentUUID": "b769e510-e3b9-42bd-b53d-30b6f940ad31",
              "isHook": false,
              "skipped": false
            }
          ],
          "suites": [],
          "passes": [
            "d1845ce8-331a-45bf-bd38-1cfc3776721b"
          ],
          "failures": [],
          "pending": [],
          "skipped": [],
          "duration": 9488,
          "root": false,
          "rootEmpty": false,
          "_timeout": 2000
        }
      ],
      "passes": [],
      "failures": [],
      "pending": [],
      "skipped": [],
      "duration": 0,
      "root": true,
      "rootEmpty": true,
      "_timeout": 2000
    }
  ],
  "meta": {
    "mocha": {
      "version": "7.0.1"
    },
    "mochawesome": {
      "options": {
        "quiet": false,
        "reportFilename": "mochawesome",
        "saveHtml": false,
        "saveJson": true,
        "consoleReporter": "spec",
        "useInlineDiffs": false,
        "code": true
      },
      "version": "7.1.3"
    },
    "marge": {
      "options": {
        "id": "default",
        "reportDir": "cypress/results/mochawesome",
        "quite": true,
        "overwrite": false,
        "html": false,
        "json": true
      },
      "version": "6.2.0"
    }
  }
}