{
  "stats": {
    "suites": 1,
    "tests": 1,
    "passes": 1,
    "pending": 0,
    "failures": 0,
    "start": "2023-11-01T08:28:47.897Z",
    "end": "2023-11-01T08:28:58.063Z",
    "duration": 10166,
    "testsRegistered": 1,
    "passPercent": 100,
    "pendingPercent": 0,
    "other": 0,
    "hasOther": false,
    "skipped": 0,
    "hasSkipped": false
  },
  "results": [
    {
      "uuid": "e307392f-40b9-412e-ae6c-cf4c1a3da62d",
      "title": "",
      "fullFile": "cypress\\e2e\\webdriver-uni\\iframe.js",
      "file": "cypress\\e2e\\webdriver-uni\\iframe.js",
      "beforeHooks": [],
      "afterHooks": [],
      "tests": [],
      "suites": [
        {
          "uuid": "c7a45aaa-b221-431d-9837-6752b369218b",
          "title": "these tests are for trying to work with ifram  ",
          "fullFile": "",
          "file": "",
          "beforeHooks": [],
          "afterHooks": [],
          "tests": [
            {
              "title": "clicking inide iframe (+assertion)",
              "fullTitle": "these tests are for trying to work with ifram   clicking inide iframe (+assertion)",
              "timedOut": null,
              "duration": 7284,
              "state": "passed",
              "speed": "medium",
              "pass": true,
              "fail": false,
              "pending": false,
              "context": null,
              "code": "// you need to know that cypress cannot interact directly with iframes\ncy.visit(\"https://www.webdriveruniversity.com/\");\ncy.get('#iframe').invoke(\"removeAttr\", \"target\").click();\ncy.get(\"#frame\").then(i => {\n  const body = i.contents().find(\"body\");\n  cy.wrap(body).as(\"iframe\");\n});\ncy.get(\"@iframe\").find(\"#button-find-out-more\").click();\ncy.get(\"@iframe\").find(\"#myModal\").should(\"contain\", \"Welcome to webdriveruniversity.com we sell a wide range of electrical goods such as laptops, game consoles, cameras...\");",
              "err": {},
              "uuid": "998a4f98-1600-4c7c-adda-f14e6ebbf13a",
              "parentUUID": "c7a45aaa-b221-431d-9837-6752b369218b",
              "isHook": false,
              "skipped": false
            }
          ],
          "suites": [],
          "passes": [
            "998a4f98-1600-4c7c-adda-f14e6ebbf13a"
          ],
          "failures": [],
          "pending": [],
          "skipped": [],
          "duration": 7284,
          "root": false,
          "rootEmpty": false,
          "_timeout": 2000
        }
      ],
      "passes": [],
      "failures": [],
      "pending": [],
      "skipped": [],
      "duration": 0,
      "root": true,
      "rootEmpty": true,
      "_timeout": 2000
    }
  ],
  "meta": {
    "mocha": {
      "version": "7.0.1"
    },
    "mochawesome": {
      "options": {
        "quiet": false,
        "reportFilename": "mochawesome",
        "saveHtml": false,
        "saveJson": true,
        "consoleReporter": "spec",
        "useInlineDiffs": false,
        "code": true
      },
      "version": "7.1.3"
    },
    "marge": {
      "options": {
        "id": "default",
        "reportDir": "cypress/results/mochawesome",
        "quite": true,
        "overwrite": false,
        "html": false,
        "json": true
      },
      "version": "6.2.0"
    }
  }
}