{
  "stats": {
    "suites": 1,
    "tests": 2,
    "passes": 2,
    "pending": 0,
    "failures": 0,
    "start": "2023-11-01T08:29:01.116Z",
    "end": "2023-11-01T08:29:05.365Z",
    "duration": 4249,
    "testsRegistered": 2,
    "passPercent": 100,
    "pendingPercent": 0,
    "other": 0,
    "hasOther": false,
    "skipped": 0,
    "hasSkipped": false
  },
  "results": [
    {
      "uuid": "5912f268-2215-4d0d-a8b1-71e63f4b7bb3",
      "title": "",
      "fullFile": "cypress\\e2e\\webdriver-uni\\js-alerts.js",
      "file": "cypress\\e2e\\webdriver-uni\\js-alerts.js",
      "beforeHooks": [],
      "afterHooks": [],
      "tests": [],
      "suites": [
        {
          "uuid": "2743f8f2-a703-4636-b61a-0c523818d019",
          "title": "handling alert in cypress",
          "fullFile": "",
          "file": "",
          "beforeHooks": [],
          "afterHooks": [],
          "tests": [
            {
              "title": "confirm alert is contain the correct text",
              "fullTitle": "handling alert in cypress confirm alert is contain the correct text",
              "timedOut": null,
              "duration": 1689,
              "state": "passed",
              "speed": "fast",
              "pass": true,
              "fail": false,
              "pending": false,
              "context": null,
              "code": "cy.get(\"#button1\").click();\n//notice that cypress by default press ok button\ncy.on('window:alert', str => {\n  expect(str).to.equal(\"I am an alert box!\");\n});",
              "err": {},
              "uuid": "b8d722cc-9a21-41b8-a298-55cd2837c057",
              "parentUUID": "2743f8f2-a703-4636-b61a-0c523818d019",
              "isHook": false,
              "skipped": false
            },
            {
              "title": "click cancel in alert ",
              "fullTitle": "handling alert in cypress click cancel in alert ",
              "timedOut": null,
              "duration": 375,
              "state": "passed",
              "speed": "fast",
              "pass": true,
              "fail": false,
              "pending": false,
              "context": null,
              "code": "cy.get(\"#button4\").click();\n//notice that cypress by default press ok button\n// if you want to press cancel return false here (window:confirm)\ncy.on('window:confirm', str => {\n  return false;\n});\ncy.get(\"#confirm-alert-text\").should(\"have.text\", \"You pressed Cancel!\");",
              "err": {},
              "uuid": "f6512f4a-59de-46f2-af96-834800860d0b",
              "parentUUID": "2743f8f2-a703-4636-b61a-0c523818d019",
              "isHook": false,
              "skipped": false
            }
          ],
          "suites": [],
          "passes": [
            "b8d722cc-9a21-41b8-a298-55cd2837c057",
            "f6512f4a-59de-46f2-af96-834800860d0b"
          ],
          "failures": [],
          "pending": [],
          "skipped": [],
          "duration": 2064,
          "root": false,
          "rootEmpty": false,
          "_timeout": 2000
        }
      ],
      "passes": [],
      "failures": [],
      "pending": [],
      "skipped": [],
      "duration": 0,
      "root": true,
      "rootEmpty": true,
      "_timeout": 2000
    }
  ],
  "meta": {
    "mocha": {
      "version": "7.0.1"
    },
    "mochawesome": {
      "options": {
        "quiet": false,
        "reportFilename": "mochawesome",
        "saveHtml": false,
        "saveJson": true,
        "consoleReporter": "spec",
        "useInlineDiffs": false,
        "code": true
      },
      "version": "7.1.3"
    },
    "marge": {
      "options": {
        "id": "default",
        "reportDir": "cypress/results/mochawesome",
        "quite": true,
        "overwrite": false,
        "html": false,
        "json": true
      },
      "version": "6.2.0"
    }
  }
}